12/07/2015 12:27:48 AM A shape: (200, 1000)
12/07/2015 12:27:48 AM N iterations: 3600
12/07/2015 12:27:48 AM alpha: 0.01
12/07/2015 12:27:48 AM RCL length: 11
12/07/2015 12:27:48 AM solver will stop after 3600 seconds
12/07/2015 12:27:48 AM iteration 0:
12/07/2015 12:27:48 AM greedy construction generated solution with cost: 738.0
12/07/2015 12:27:48 AM best solution found updated has cost of 738.0
12/07/2015 12:27:48 AM the old solution had cost of 49790.0
12/07/2015 12:27:48 AM VND called
12/07/2015 12:27:48 AM best solution found updated has cost of 720.0
12/07/2015 12:27:48 AM the old solution had cost of 738.0
12/07/2015 12:27:48 AM VND found a better solution with cost: 720.0
12/07/2015 12:27:48 AM best solution found updated has cost of 714.0
12/07/2015 12:27:48 AM the old solution had cost of 720.0
12/07/2015 12:27:48 AM VND found a better solution with cost: 714.0
12/07/2015 12:27:48 AM best solution found updated has cost of 708.0
12/07/2015 12:27:48 AM the old solution had cost of 714.0
12/07/2015 12:27:48 AM VND found a better solution with cost: 708.0
12/07/2015 12:27:48 AM best solution found updated has cost of 704.0
12/07/2015 12:27:48 AM the old solution had cost of 708.0
12/07/2015 12:27:48 AM VND found a better solution with cost: 704.0
12/07/2015 12:27:48 AM best solution found updated has cost of 700.0
12/07/2015 12:27:48 AM the old solution had cost of 704.0
12/07/2015 12:27:48 AM VND found a better solution with cost: 700.0
12/07/2015 12:27:49 AM best solution found updated has cost of 698.0
12/07/2015 12:27:49 AM the old solution had cost of 700.0
12/07/2015 12:27:49 AM VND found a better solution with cost: 698.0
12/07/2015 12:27:49 AM best solution found updated has cost of 694.0
12/07/2015 12:27:49 AM the old solution had cost of 698.0
12/07/2015 12:27:49 AM VND found a better solution with cost: 694.0
12/07/2015 12:27:49 AM best solution found updated has cost of 692.0
12/07/2015 12:27:49 AM the old solution had cost of 694.0
12/07/2015 12:27:49 AM VND found a better solution with cost: 692.0
12/07/2015 12:27:49 AM best solution found updated has cost of 689.0
12/07/2015 12:27:49 AM the old solution had cost of 692.0
12/07/2015 12:27:49 AM VND found a better solution with cost: 689.0
12/07/2015 12:27:49 AM best solution found updated has cost of 688.0
12/07/2015 12:27:49 AM the old solution had cost of 689.0
12/07/2015 12:27:49 AM VND found a better solution with cost: 688.0
12/07/2015 12:27:49 AM best solution found updated has cost of 685.0
12/07/2015 12:27:49 AM the old solution had cost of 688.0
12/07/2015 12:27:49 AM VND found a better solution with cost: 685.0
12/07/2015 12:27:50 AM best solution found updated has cost of 684.0
12/07/2015 12:27:50 AM the old solution had cost of 685.0
12/07/2015 12:27:50 AM VND found a better solution with cost: 684.0
12/07/2015 12:27:51 AM solution already explored
12/07/2015 12:27:55 AM best solution found updated has cost of 678.0
12/07/2015 12:27:55 AM the old solution had cost of 684.0
12/07/2015 12:27:55 AM VND found a better solution with cost: 678.0
12/07/2015 12:27:56 AM best solution found updated has cost of 677.0
12/07/2015 12:27:56 AM the old solution had cost of 678.0
12/07/2015 12:27:56 AM VND found a better solution with cost: 677.0
12/07/2015 12:27:56 AM solution already explored
12/07/2015 12:28:07 AM best solution found updated has cost of 675.0
12/07/2015 12:28:07 AM the old solution had cost of 677.0
12/07/2015 12:28:07 AM VND found a better solution with cost: 675.0
12/07/2015 12:28:19 AM best solution found updated has cost of 641.0
12/07/2015 12:28:19 AM the old solution had cost of 675.0
12/07/2015 12:28:19 AM VND found a better solution with cost: 641.0
12/07/2015 12:28:19 AM best solution found updated has cost of 640.0
12/07/2015 12:28:19 AM the old solution had cost of 641.0
12/07/2015 12:28:19 AM VND found a better solution with cost: 640.0
12/07/2015 12:28:20 AM best solution found updated has cost of 639.0
12/07/2015 12:28:20 AM the old solution had cost of 640.0
12/07/2015 12:28:20 AM VND found a better solution with cost: 639.0
12/07/2015 12:28:20 AM solution already explored
12/07/2015 12:28:21 AM solution already explored
12/07/2015 12:28:43 AM best solution found updated has cost of 629.0
12/07/2015 12:28:43 AM the old solution had cost of 639.0
12/07/2015 12:28:43 AM VND found a better solution with cost: 629.0
12/07/2015 12:28:43 AM best solution found updated has cost of 622.0
12/07/2015 12:28:43 AM the old solution had cost of 629.0
12/07/2015 12:28:43 AM VND found a better solution with cost: 622.0
12/07/2015 12:28:44 AM best solution found updated has cost of 614.0
12/07/2015 12:28:44 AM the old solution had cost of 622.0
12/07/2015 12:28:44 AM VND found a better solution with cost: 614.0
12/07/2015 12:28:44 AM best solution found updated has cost of 611.0
12/07/2015 12:28:44 AM the old solution had cost of 614.0
12/07/2015 12:28:44 AM VND found a better solution with cost: 611.0
12/07/2015 12:28:45 AM best solution found updated has cost of 610.0
12/07/2015 12:28:45 AM the old solution had cost of 611.0
12/07/2015 12:28:45 AM VND found a better solution with cost: 610.0
12/07/2015 12:28:45 AM solution already explored
12/07/2015 12:28:48 AM solution already explored
12/07/2015 12:29:07 AM best solution found updated has cost of 607.0
12/07/2015 12:29:07 AM the old solution had cost of 610.0
12/07/2015 12:29:07 AM VND found a better solution with cost: 607.0
12/07/2015 12:29:40 AM best solution found updated has cost of 561.0
12/07/2015 12:29:40 AM the old solution had cost of 607.0
12/07/2015 12:29:40 AM VND found a better solution with cost: 561.0
12/07/2015 12:29:40 AM best solution found updated has cost of 559.0
12/07/2015 12:29:40 AM the old solution had cost of 561.0
12/07/2015 12:29:40 AM VND found a better solution with cost: 559.0
12/07/2015 12:29:40 AM best solution found updated has cost of 555.0
12/07/2015 12:29:40 AM the old solution had cost of 559.0
12/07/2015 12:29:40 AM VND found a better solution with cost: 555.0
12/07/2015 12:31:52 AM best solution so far has cost:: 555.0
12/07/2015 12:31:52 AM iteration 1:
12/07/2015 12:31:53 AM greedy construction generated solution with cost: 698.0
12/07/2015 12:31:53 AM VND called
12/07/2015 12:31:53 AM VND found a better solution with cost: 689.0
12/07/2015 12:31:53 AM VND found a better solution with cost: 683.0
12/07/2015 12:31:53 AM VND found a better solution with cost: 676.0
12/07/2015 12:31:53 AM VND found a better solution with cost: 674.0
12/07/2015 12:31:53 AM VND found a better solution with cost: 670.0
12/07/2015 12:31:53 AM VND found a better solution with cost: 668.0
12/07/2015 12:31:53 AM VND found a better solution with cost: 664.0
12/07/2015 12:31:53 AM VND found a better solution with cost: 662.0
12/07/2015 12:31:53 AM VND found a better solution with cost: 658.0
12/07/2015 12:31:54 AM VND found a better solution with cost: 657.0
12/07/2015 12:31:54 AM VND found a better solution with cost: 654.0
12/07/2015 12:31:54 AM VND found a better solution with cost: 653.0
12/07/2015 12:31:54 AM solution already explored
12/07/2015 12:31:55 AM VND found a better solution with cost: 652.0
12/07/2015 12:32:01 AM VND found a better solution with cost: 651.0
12/07/2015 12:32:10 AM VND found a better solution with cost: 643.0
12/07/2015 12:32:10 AM VND found a better solution with cost: 638.0
12/07/2015 12:32:10 AM VND found a better solution with cost: 637.0
12/07/2015 12:32:10 AM solution already explored
12/07/2015 12:32:18 AM solution already explored
12/07/2015 12:32:28 AM VND found a better solution with cost: 631.0
12/07/2015 12:32:51 AM VND found a better solution with cost: 610.0
12/07/2015 12:32:51 AM VND found a better solution with cost: 607.0
12/07/2015 12:32:51 AM VND found a better solution with cost: 606.0
12/07/2015 12:32:51 AM solution already explored
12/07/2015 12:32:54 AM solution already explored
12/07/2015 12:33:11 AM VND found a better solution with cost: 605.0
12/07/2015 12:33:37 AM best solution found updated has cost of 550.0
12/07/2015 12:33:37 AM the old solution had cost of 555.0
12/07/2015 12:33:37 AM VND found a better solution with cost: 550.0
12/07/2015 12:35:57 AM best solution so far has cost:: 550.0
12/07/2015 12:35:57 AM iteration 2:
12/07/2015 12:35:58 AM greedy construction generated solution with cost: 735.0
12/07/2015 12:35:58 AM VND called
12/07/2015 12:35:58 AM VND found a better solution with cost: 722.0
12/07/2015 12:35:58 AM VND found a better solution with cost: 711.0
12/07/2015 12:35:58 AM VND found a better solution with cost: 701.0
12/07/2015 12:35:58 AM VND found a better solution with cost: 694.0
12/07/2015 12:35:58 AM VND found a better solution with cost: 685.0
12/07/2015 12:35:58 AM VND found a better solution with cost: 678.0
12/07/2015 12:35:58 AM VND found a better solution with cost: 670.0
12/07/2015 12:35:58 AM VND found a better solution with cost: 665.0
12/07/2015 12:35:59 AM VND found a better solution with cost: 659.0
12/07/2015 12:35:59 AM VND found a better solution with cost: 655.0
12/07/2015 12:35:59 AM VND found a better solution with cost: 649.0
12/07/2015 12:35:59 AM VND found a better solution with cost: 645.0
12/07/2015 12:35:59 AM VND found a better solution with cost: 639.0
12/07/2015 12:35:59 AM VND found a better solution with cost: 637.0
12/07/2015 12:36:00 AM VND found a better solution with cost: 633.0
12/07/2015 12:36:00 AM VND found a better solution with cost: 631.0
12/07/2015 12:36:00 AM VND found a better solution with cost: 627.0
12/07/2015 12:36:00 AM VND found a better solution with cost: 625.0
12/07/2015 12:36:00 AM VND found a better solution with cost: 622.0
12/07/2015 12:36:01 AM VND found a better solution with cost: 621.0
12/07/2015 12:36:01 AM solution already explored
12/07/2015 12:36:04 AM VND found a better solution with cost: 619.0
12/07/2015 12:36:04 AM VND found a better solution with cost: 618.0
12/07/2015 12:36:04 AM solution already explored
12/07/2015 12:36:13 AM VND found a better solution with cost: 611.0
12/07/2015 12:36:13 AM VND found a better solution with cost: 609.0
12/07/2015 12:36:13 AM VND found a better solution with cost: 608.0
12/07/2015 12:36:13 AM solution already explored
12/07/2015 12:36:16 AM solution already explored
12/07/2015 12:36:27 AM VND found a better solution with cost: 605.0
12/07/2015 12:36:48 AM VND found a better solution with cost: 602.0
12/07/2015 12:37:15 AM VND found a better solution with cost: 593.0
12/07/2015 12:37:15 AM VND found a better solution with cost: 592.0
12/07/2015 12:37:15 AM VND found a better solution with cost: 591.0
12/07/2015 12:37:15 AM solution already explored
12/07/2015 12:37:17 AM solution already explored
12/07/2015 12:37:56 AM VND found a better solution with cost: 574.0
12/07/2015 12:37:56 AM VND found a better solution with cost: 572.0
12/07/2015 12:37:57 AM VND found a better solution with cost: 571.0
12/07/2015 12:37:57 AM solution already explored
12/07/2015 12:38:00 AM solution already explored
12/07/2015 12:38:11 AM VND found a better solution with cost: 569.0
12/07/2015 12:40:23 AM best solution so far has cost:: 550.0
12/07/2015 12:40:23 AM iteration 3:
12/07/2015 12:40:23 AM greedy construction generated solution with cost: 718.0
12/07/2015 12:40:23 AM VND called
12/07/2015 12:40:23 AM VND found a better solution with cost: 707.0
12/07/2015 12:40:23 AM VND found a better solution with cost: 701.0
12/07/2015 12:40:23 AM VND found a better solution with cost: 695.0
12/07/2015 12:40:23 AM VND found a better solution with cost: 692.0
12/07/2015 12:40:23 AM VND found a better solution with cost: 687.0
12/07/2015 12:40:24 AM VND found a better solution with cost: 685.0
12/07/2015 12:40:24 AM VND found a better solution with cost: 681.0
12/07/2015 12:40:24 AM VND found a better solution with cost: 679.0
12/07/2015 12:40:24 AM VND found a better solution with cost: 675.0
12/07/2015 12:40:24 AM VND found a better solution with cost: 673.0
12/07/2015 12:40:24 AM VND found a better solution with cost: 669.0
12/07/2015 12:40:24 AM VND found a better solution with cost: 668.0
12/07/2015 12:40:24 AM VND found a better solution with cost: 666.0
12/07/2015 12:40:25 AM VND found a better solution with cost: 664.0
12/07/2015 12:40:30 AM VND found a better solution with cost: 652.0
12/07/2015 12:40:41 AM VND found a better solution with cost: 650.0
12/07/2015 12:40:42 AM VND found a better solution with cost: 649.0
12/07/2015 12:40:42 AM VND found a better solution with cost: 648.0
12/07/2015 12:40:42 AM solution already explored
12/07/2015 12:40:43 AM solution already explored
12/07/2015 12:41:01 AM VND found a better solution with cost: 627.0
12/07/2015 12:41:23 AM VND found a better solution with cost: 624.0
12/07/2015 12:43:37 AM best solution so far has cost:: 550.0
12/07/2015 12:43:37 AM iteration 4:
12/07/2015 12:43:37 AM greedy construction generated solution with cost: 678.0
12/07/2015 12:43:37 AM VND called
12/07/2015 12:43:38 AM VND found a better solution with cost: 642.0
12/07/2015 12:43:38 AM VND found a better solution with cost: 637.0
12/07/2015 12:43:38 AM VND found a better solution with cost: 631.0
12/07/2015 12:43:38 AM VND found a better solution with cost: 627.0
12/07/2015 12:43:39 AM VND found a better solution with cost: 621.0
12/07/2015 12:43:39 AM VND found a better solution with cost: 618.0
12/07/2015 12:43:39 AM VND found a better solution with cost: 614.0
12/07/2015 12:43:39 AM VND found a better solution with cost: 612.0
12/07/2015 12:43:40 AM VND found a better solution with cost: 609.0
12/07/2015 12:43:40 AM VND found a better solution with cost: 607.0
12/07/2015 12:43:45 AM VND found a better solution with cost: 601.0
12/07/2015 12:43:49 AM VND found a better solution with cost: 596.0
12/07/2015 12:43:56 AM VND found a better solution with cost: 593.0
12/07/2015 12:43:57 AM VND found a better solution with cost: 590.0
12/07/2015 12:43:57 AM VND found a better solution with cost: 589.0
12/07/2015 12:43:57 AM solution already explored
12/07/2015 12:44:01 AM solution already explored
12/07/2015 12:44:12 AM VND found a better solution with cost: 576.0
12/07/2015 12:44:12 AM VND found a better solution with cost: 573.0
12/07/2015 12:44:13 AM VND found a better solution with cost: 572.0
12/07/2015 12:44:13 AM solution already explored
12/07/2015 12:44:17 AM solution already explored
12/07/2015 12:44:37 AM VND found a better solution with cost: 569.0
12/07/2015 12:46:59 AM best solution so far has cost:: 550.0
12/07/2015 12:46:59 AM iteration 5:
12/07/2015 12:47:00 AM greedy construction generated solution with cost: 680.0
12/07/2015 12:47:00 AM VND called
12/07/2015 12:47:00 AM VND found a better solution with cost: 671.0
12/07/2015 12:47:00 AM VND found a better solution with cost: 666.0
12/07/2015 12:47:00 AM VND found a better solution with cost: 660.0
12/07/2015 12:47:00 AM VND found a better solution with cost: 656.0
12/07/2015 12:47:00 AM VND found a better solution with cost: 651.0
12/07/2015 12:47:00 AM VND found a better solution with cost: 649.0
12/07/2015 12:47:00 AM VND found a better solution with cost: 645.0
12/07/2015 12:47:01 AM VND found a better solution with cost: 643.0
12/07/2015 12:47:01 AM VND found a better solution with cost: 639.0
12/07/2015 12:47:01 AM VND found a better solution with cost: 638.0
12/07/2015 12:47:01 AM VND found a better solution with cost: 635.0
12/07/2015 12:47:02 AM VND found a better solution with cost: 633.0
12/07/2015 12:47:10 AM VND found a better solution with cost: 629.0
12/07/2015 12:47:22 AM VND found a better solution with cost: 627.0
12/07/2015 12:47:45 AM VND found a better solution with cost: 626.0
12/07/2015 12:50:00 AM best solution so far has cost:: 550.0
12/07/2015 12:50:00 AM iteration 6:
12/07/2015 12:50:00 AM greedy construction generated solution with cost: 662.0
12/07/2015 12:50:00 AM VND called
12/07/2015 12:50:00 AM VND found a better solution with cost: 645.0
12/07/2015 12:50:00 AM VND found a better solution with cost: 636.0
12/07/2015 12:50:00 AM VND found a better solution with cost: 627.0
12/07/2015 12:50:01 AM VND found a better solution with cost: 622.0
12/07/2015 12:50:01 AM VND found a better solution with cost: 615.0
12/07/2015 12:50:01 AM VND found a better solution with cost: 611.0
12/07/2015 12:50:01 AM VND found a better solution with cost: 607.0
12/07/2015 12:50:01 AM VND found a better solution with cost: 605.0
12/07/2015 12:50:01 AM VND found a better solution with cost: 601.0
12/07/2015 12:50:01 AM VND found a better solution with cost: 599.0
12/07/2015 12:50:01 AM VND found a better solution with cost: 595.0
12/07/2015 12:50:01 AM VND found a better solution with cost: 593.0
12/07/2015 12:50:02 AM VND found a better solution with cost: 589.0
12/07/2015 12:50:02 AM VND found a better solution with cost: 588.0
12/07/2015 12:50:02 AM VND found a better solution with cost: 585.0
12/07/2015 12:50:02 AM VND found a better solution with cost: 584.0
12/07/2015 12:50:02 AM VND found a better solution with cost: 582.0
12/07/2015 12:50:03 AM VND found a better solution with cost: 581.0
12/07/2015 12:50:03 AM VND found a better solution with cost: 580.0
12/07/2015 12:50:04 AM solution already explored
12/07/2015 12:50:05 AM solution already explored
12/07/2015 12:50:07 AM VND found a better solution with cost: 572.0
12/07/2015 12:50:08 AM VND found a better solution with cost: 566.0
12/07/2015 12:50:09 AM VND found a better solution with cost: 565.0
12/07/2015 12:50:10 AM solution already explored
12/07/2015 12:50:17 AM VND found a better solution with cost: 559.0
12/07/2015 12:50:17 AM VND found a better solution with cost: 558.0
12/07/2015 12:50:18 AM solution already explored
12/07/2015 12:52:27 AM best solution so far has cost:: 550.0
12/07/2015 12:52:27 AM iteration 7:
12/07/2015 12:52:27 AM greedy construction generated solution with cost: 696.0
12/07/2015 12:52:27 AM VND called
12/07/2015 12:52:27 AM VND found a better solution with cost: 683.0
12/07/2015 12:52:27 AM VND found a better solution with cost: 679.0
12/07/2015 12:52:27 AM VND found a better solution with cost: 674.0
12/07/2015 12:52:28 AM VND found a better solution with cost: 672.0
12/07/2015 12:52:28 AM VND found a better solution with cost: 668.0
12/07/2015 12:52:28 AM VND found a better solution with cost: 666.0
12/07/2015 12:52:28 AM VND found a better solution with cost: 663.0
12/07/2015 12:52:28 AM VND found a better solution with cost: 662.0
12/07/2015 12:52:28 AM VND found a better solution with cost: 660.0
12/07/2015 12:52:29 AM VND found a better solution with cost: 659.0
12/07/2015 12:52:29 AM VND found a better solution with cost: 657.0
12/07/2015 12:52:30 AM VND found a better solution with cost: 656.0
12/07/2015 12:52:31 AM solution already explored
12/07/2015 12:52:32 AM VND found a better solution with cost: 655.0
12/07/2015 12:52:53 AM VND found a better solution with cost: 646.0
12/07/2015 12:52:53 AM VND found a better solution with cost: 641.0
12/07/2015 12:52:53 AM VND found a better solution with cost: 640.0
12/07/2015 12:52:53 AM solution already explored
12/07/2015 12:53:00 AM solution already explored
12/07/2015 12:53:13 AM VND found a better solution with cost: 609.0
12/07/2015 12:53:13 AM VND found a better solution with cost: 606.0
12/07/2015 12:53:14 AM VND found a better solution with cost: 605.0
12/07/2015 12:53:14 AM solution already explored
12/07/2015 12:53:18 AM solution already explored
12/07/2015 12:53:35 AM VND found a better solution with cost: 604.0
12/07/2015 12:54:04 AM VND found a better solution with cost: 596.0
12/07/2015 12:56:21 AM best solution so far has cost:: 550.0
12/07/2015 12:56:21 AM iteration 8:
12/07/2015 12:56:21 AM greedy construction generated solution with cost: 645.0
12/07/2015 12:56:21 AM VND called
12/07/2015 12:56:22 AM VND found a better solution with cost: 627.0
12/07/2015 12:56:22 AM VND found a better solution with cost: 618.0
12/07/2015 12:56:22 AM VND found a better solution with cost: 611.0
12/07/2015 12:56:22 AM VND found a better solution with cost: 607.0
12/07/2015 12:56:22 AM VND found a better solution with cost: 601.0
12/07/2015 12:56:22 AM VND found a better solution with cost: 598.0
12/07/2015 12:56:22 AM VND found a better solution with cost: 594.0
12/07/2015 12:56:22 AM VND found a better solution with cost: 592.0
12/07/2015 12:56:23 AM VND found a better solution with cost: 589.0
12/07/2015 12:56:23 AM VND found a better solution with cost: 588.0
12/07/2015 12:56:23 AM VND found a better solution with cost: 585.0
12/07/2015 12:56:23 AM VND found a better solution with cost: 584.0
12/07/2015 12:56:23 AM VND found a better solution with cost: 582.0
12/07/2015 12:56:24 AM VND found a better solution with cost: 581.0
12/07/2015 12:56:24 AM solution already explored
12/07/2015 12:56:27 AM VND found a better solution with cost: 578.0
12/07/2015 12:56:31 AM VND found a better solution with cost: 575.0
12/07/2015 12:56:44 AM VND found a better solution with cost: 569.0
12/07/2015 12:57:03 AM VND found a better solution with cost: 560.0
12/07/2015 12:57:03 AM VND found a better solution with cost: 558.0
12/07/2015 12:57:03 AM VND found a better solution with cost: 557.0
12/07/2015 12:57:03 AM solution already explored
12/07/2015 12:57:05 AM solution already explored
12/07/2015 12:57:29 AM VND found a better solution with cost: 556.0
12/07/2015 12:59:44 AM best solution so far has cost:: 550.0
12/07/2015 12:59:44 AM iteration 9:
12/07/2015 12:59:44 AM greedy construction generated solution with cost: 700.0
12/07/2015 12:59:44 AM VND called
12/07/2015 12:59:44 AM VND found a better solution with cost: 687.0
12/07/2015 12:59:44 AM VND found a better solution with cost: 676.0
12/07/2015 12:59:44 AM VND found a better solution with cost: 669.0
12/07/2015 12:59:45 AM VND found a better solution with cost: 665.0
12/07/2015 12:59:45 AM VND found a better solution with cost: 660.0
12/07/2015 12:59:45 AM VND found a better solution with cost: 658.0
12/07/2015 12:59:45 AM VND found a better solution with cost: 655.0
12/07/2015 12:59:45 AM VND found a better solution with cost: 653.0
12/07/2015 12:59:57 AM VND found a better solution with cost: 646.0
12/07/2015 12:59:57 AM VND found a better solution with cost: 644.0
12/07/2015 12:59:57 AM VND found a better solution with cost: 640.0
12/07/2015 12:59:57 AM VND found a better solution with cost: 638.0
12/07/2015 01:00:09 AM VND found a better solution with cost: 627.0
12/07/2015 01:00:09 AM VND found a better solution with cost: 626.0
12/07/2015 01:00:09 AM VND found a better solution with cost: 625.0
12/07/2015 01:00:09 AM solution already explored
12/07/2015 01:00:10 AM solution already explored
12/07/2015 01:00:28 AM VND found a better solution with cost: 624.0
12/07/2015 01:00:48 AM VND found a better solution with cost: 618.0
12/07/2015 01:01:09 AM VND found a better solution with cost: 587.0
12/07/2015 01:01:09 AM VND found a better solution with cost: 586.0
12/07/2015 01:01:09 AM VND found a better solution with cost: 585.0
12/07/2015 01:01:09 AM solution already explored
12/07/2015 01:01:10 AM solution already explored
12/07/2015 01:01:38 AM VND found a better solution with cost: 576.0
12/07/2015 01:01:42 AM VND found a better solution with cost: 570.0
12/07/2015 01:04:18 AM best solution so far has cost:: 550.0
12/07/2015 01:04:18 AM iteration 10:
12/07/2015 01:04:18 AM greedy construction generated solution with cost: 687.0
12/07/2015 01:04:18 AM VND called
12/07/2015 01:04:19 AM VND found a better solution with cost: 681.0
12/07/2015 01:04:19 AM VND found a better solution with cost: 677.0
12/07/2015 01:04:19 AM VND found a better solution with cost: 672.0
12/07/2015 01:04:19 AM VND found a better solution with cost: 669.0
12/07/2015 01:04:19 AM VND found a better solution with cost: 665.0
12/07/2015 01:04:19 AM VND found a better solution with cost: 663.0
12/07/2015 01:04:19 AM VND found a better solution with cost: 659.0
12/07/2015 01:04:19 AM VND found a better solution with cost: 658.0
12/07/2015 01:04:19 AM VND found a better solution with cost: 655.0
12/07/2015 01:04:20 AM VND found a better solution with cost: 654.0
12/07/2015 01:04:20 AM VND found a better solution with cost: 652.0
12/07/2015 01:04:20 AM VND found a better solution with cost: 651.0
12/07/2015 01:04:21 AM solution already explored
12/07/2015 01:04:22 AM VND found a better solution with cost: 650.0
12/07/2015 01:04:31 AM VND found a better solution with cost: 649.0
12/07/2015 01:04:49 AM VND found a better solution with cost: 642.0
12/07/2015 01:05:11 AM VND found a better solution with cost: 639.0
12/07/2015 01:05:42 AM VND found a better solution with cost: 631.0
12/07/2015 01:05:43 AM VND found a better solution with cost: 622.0
12/07/2015 01:05:43 AM VND found a better solution with cost: 621.0
12/07/2015 01:05:43 AM solution already explored
12/07/2015 01:05:56 AM solution already explored
12/07/2015 01:06:23 AM VND found a better solution with cost: 564.0
12/07/2015 01:06:24 AM VND found a better solution with cost: 562.0
12/07/2015 01:06:24 AM VND found a better solution with cost: 561.0
12/07/2015 01:06:24 AM solution already explored
12/07/2015 01:06:26 AM solution already explored
12/07/2015 01:06:34 AM VND found a better solution with cost: 559.0
12/07/2015 01:06:35 AM VND found a better solution with cost: 558.0
12/07/2015 01:06:35 AM VND found a better solution with cost: 557.0
12/07/2015 01:06:35 AM solution already explored
12/07/2015 01:08:59 AM best solution so far has cost:: 550.0
12/07/2015 01:08:59 AM iteration 11:
12/07/2015 01:08:59 AM greedy construction generated solution with cost: 712.0
12/07/2015 01:08:59 AM VND called
12/07/2015 01:08:59 AM VND found a better solution with cost: 695.0
12/07/2015 01:08:59 AM VND found a better solution with cost: 686.0
12/07/2015 01:08:59 AM VND found a better solution with cost: 678.0
12/07/2015 01:09:00 AM VND found a better solution with cost: 675.0
12/07/2015 01:09:00 AM VND found a better solution with cost: 671.0
12/07/2015 01:09:00 AM VND found a better solution with cost: 669.0
12/07/2015 01:09:00 AM VND found a better solution with cost: 666.0
12/07/2015 01:09:00 AM VND found a better solution with cost: 665.0
12/07/2015 01:09:00 AM VND found a better solution with cost: 663.0
12/07/2015 01:09:01 AM VND found a better solution with cost: 661.0
12/07/2015 01:09:02 AM VND found a better solution with cost: 660.0
12/07/2015 01:09:02 AM solution already explored
12/07/2015 01:09:04 AM VND found a better solution with cost: 659.0
12/07/2015 01:09:09 AM VND found a better solution with cost: 656.0
12/07/2015 01:09:13 AM VND found a better solution with cost: 653.0
12/07/2015 01:09:13 AM VND found a better solution with cost: 648.0
12/07/2015 01:09:13 AM VND found a better solution with cost: 647.0
12/07/2015 01:09:13 AM solution already explored
12/07/2015 01:09:19 AM VND found a better solution with cost: 641.0
12/07/2015 01:09:31 AM VND found a better solution with cost: 591.0
12/07/2015 01:09:32 AM VND found a better solution with cost: 589.0
12/07/2015 01:09:32 AM VND found a better solution with cost: 585.0
12/07/2015 01:09:32 AM VND found a better solution with cost: 583.0
12/07/2015 01:09:56 AM VND found a better solution with cost: 582.0
12/07/2015 01:10:22 AM VND found a better solution with cost: 580.0
12/07/2015 01:12:45 AM best solution so far has cost:: 550.0
12/07/2015 01:12:45 AM iteration 12:
12/07/2015 01:12:46 AM greedy construction generated solution with cost: 678.0
12/07/2015 01:12:46 AM VND called
12/07/2015 01:12:46 AM VND found a better solution with cost: 668.0
12/07/2015 01:12:46 AM VND found a better solution with cost: 662.0
12/07/2015 01:12:46 AM VND found a better solution with cost: 656.0
12/07/2015 01:12:46 AM VND found a better solution with cost: 653.0
12/07/2015 01:12:47 AM VND found a better solution with cost: 648.0
12/07/2015 01:12:47 AM VND found a better solution with cost: 646.0
12/07/2015 01:12:47 AM VND found a better solution with cost: 642.0
12/07/2015 01:12:47 AM VND found a better solution with cost: 640.0
12/07/2015 01:12:47 AM VND found a better solution with cost: 636.0
12/07/2015 01:12:47 AM VND found a better solution with cost: 634.0
12/07/2015 01:12:47 AM VND found a better solution with cost: 630.0
12/07/2015 01:12:48 AM VND found a better solution with cost: 628.0
12/07/2015 01:12:48 AM VND found a better solution with cost: 624.0
12/07/2015 01:12:48 AM VND found a better solution with cost: 623.0
12/07/2015 01:12:48 AM VND found a better solution with cost: 620.0
12/07/2015 01:12:48 AM VND found a better solution with cost: 619.0
12/07/2015 01:12:49 AM solution already explored
12/07/2015 01:13:03 AM VND found a better solution with cost: 551.0
12/07/2015 01:13:18 AM best solution found updated has cost of 545.0
12/07/2015 01:13:18 AM the old solution had cost of 550.0
12/07/2015 01:13:18 AM VND found a better solution with cost: 545.0
12/07/2015 01:13:43 AM best solution found updated has cost of 537.0
12/07/2015 01:13:43 AM the old solution had cost of 545.0
12/07/2015 01:13:43 AM VND found a better solution with cost: 537.0
12/07/2015 01:13:44 AM best solution found updated has cost of 528.0
12/07/2015 01:13:44 AM the old solution had cost of 537.0
12/07/2015 01:13:44 AM VND found a better solution with cost: 528.0
12/07/2015 01:13:44 AM best solution found updated has cost of 527.0
12/07/2015 01:13:44 AM the old solution had cost of 528.0
12/07/2015 01:13:44 AM VND found a better solution with cost: 527.0
12/07/2015 01:13:44 AM solution already explored
12/07/2015 01:13:55 AM solution already explored
12/07/2015 01:16:09 AM best solution so far has cost:: 527.0
12/07/2015 01:16:09 AM iteration 13:
12/07/2015 01:16:09 AM greedy construction generated solution with cost: 715.0
12/07/2015 01:16:09 AM VND called
12/07/2015 01:16:09 AM VND found a better solution with cost: 708.0
12/07/2015 01:16:09 AM VND found a better solution with cost: 704.0
12/07/2015 01:16:09 AM VND found a better solution with cost: 699.0
12/07/2015 01:16:10 AM VND found a better solution with cost: 696.0
12/07/2015 01:16:10 AM VND found a better solution with cost: 691.0
12/07/2015 01:16:10 AM VND found a better solution with cost: 689.0
12/07/2015 01:16:10 AM VND found a better solution with cost: 685.0
12/07/2015 01:16:10 AM VND found a better solution with cost: 683.0
12/07/2015 01:16:10 AM VND found a better solution with cost: 680.0
12/07/2015 01:16:10 AM VND found a better solution with cost: 679.0
12/07/2015 01:16:11 AM VND found a better solution with cost: 676.0
12/07/2015 01:16:11 AM VND found a better solution with cost: 674.0
12/07/2015 01:16:12 AM VND found a better solution with cost: 673.0
12/07/2015 01:16:12 AM solution already explored
12/07/2015 01:16:17 AM VND found a better solution with cost: 663.0
12/07/2015 01:16:24 AM VND found a better solution with cost: 659.0
12/07/2015 01:16:35 AM VND found a better solution with cost: 655.0
12/07/2015 01:16:36 AM VND found a better solution with cost: 654.0
12/07/2015 01:16:36 AM VND found a better solution with cost: 653.0
12/07/2015 01:16:36 AM solution already explored
12/07/2015 01:16:36 AM solution already explored
12/07/2015 01:16:51 AM VND found a better solution with cost: 650.0
12/07/2015 01:17:09 AM VND found a better solution with cost: 638.0
12/07/2015 01:17:09 AM VND found a better solution with cost: 622.0
12/07/2015 01:17:09 AM VND found a better solution with cost: 618.0
12/07/2015 01:17:38 AM VND found a better solution with cost: 609.0
12/07/2015 01:17:38 AM VND found a better solution with cost: 600.0
12/07/2015 01:17:38 AM VND found a better solution with cost: 599.0
12/07/2015 01:17:38 AM solution already explored
12/07/2015 01:17:53 AM solution already explored
12/07/2015 01:19:59 AM best solution so far has cost:: 527.0
12/07/2015 01:19:59 AM iteration 14:
12/07/2015 01:20:00 AM greedy construction generated solution with cost: 742.0
12/07/2015 01:20:00 AM VND called
12/07/2015 01:20:00 AM VND found a better solution with cost: 727.0
12/07/2015 01:20:00 AM VND found a better solution with cost: 714.0
12/07/2015 01:20:00 AM VND found a better solution with cost: 705.0
12/07/2015 01:20:00 AM VND found a better solution with cost: 701.0
12/07/2015 01:20:00 AM VND found a better solution with cost: 696.0
12/07/2015 01:20:00 AM VND found a better solution with cost: 693.0
12/07/2015 01:20:00 AM VND found a better solution with cost: 688.0
12/07/2015 01:20:00 AM VND found a better solution with cost: 686.0
12/07/2015 01:20:01 AM VND found a better solution with cost: 682.0
12/07/2015 01:20:01 AM VND found a better solution with cost: 681.0
12/07/2015 01:20:01 AM VND found a better solution with cost: 678.0
12/07/2015 01:20:01 AM VND found a better solution with cost: 677.0
12/07/2015 01:20:01 AM VND found a better solution with cost: 674.0
12/07/2015 01:20:02 AM VND found a better solution with cost: 673.0
12/07/2015 01:20:02 AM VND found a better solution with cost: 672.0
12/07/2015 01:20:02 AM solution already explored
12/07/2015 01:20:03 AM VND found a better solution with cost: 671.0
12/07/2015 01:20:08 AM VND found a better solution with cost: 666.0
12/07/2015 01:20:22 AM VND found a better solution with cost: 665.0
12/07/2015 01:20:42 AM VND found a better solution with cost: 664.0
12/07/2015 01:20:42 AM VND found a better solution with cost: 662.0
12/07/2015 01:20:43 AM VND found a better solution with cost: 661.0
12/07/2015 01:20:43 AM solution already explored
12/07/2015 01:20:46 AM solution already explored
12/07/2015 01:20:47 AM VND found a better solution with cost: 623.0
12/07/2015 01:21:12 AM VND found a better solution with cost: 607.0
12/07/2015 01:21:13 AM VND found a better solution with cost: 600.0
12/07/2015 01:21:13 AM VND found a better solution with cost: 592.0
12/07/2015 01:21:13 AM VND found a better solution with cost: 589.0
12/07/2015 01:21:13 AM VND found a better solution with cost: 588.0
12/07/2015 01:21:13 AM solution already explored
12/07/2015 01:21:17 AM solution already explored
12/07/2015 01:23:48 AM best solution so far has cost:: 527.0
12/07/2015 01:23:48 AM iteration 15:
12/07/2015 01:23:48 AM greedy construction generated solution with cost: 627.0
12/07/2015 01:23:48 AM VND called
12/07/2015 01:23:48 AM VND found a better solution with cost: 611.0
12/07/2015 01:23:48 AM VND found a better solution with cost: 606.0
12/07/2015 01:23:48 AM VND found a better solution with cost: 600.0
12/07/2015 01:23:49 AM VND found a better solution with cost: 597.0
12/07/2015 01:23:49 AM VND found a better solution with cost: 592.0
12/07/2015 01:23:49 AM VND found a better solution with cost: 590.0
12/07/2015 01:23:49 AM VND found a better solution with cost: 587.0
12/07/2015 01:23:49 AM VND found a better solution with cost: 586.0
12/07/2015 01:23:49 AM VND found a better solution with cost: 584.0
12/07/2015 01:23:49 AM VND found a better solution with cost: 582.0
12/07/2015 01:23:52 AM VND found a better solution with cost: 581.0
12/07/2015 01:23:55 AM VND found a better solution with cost: 578.0
12/07/2015 01:24:00 AM VND found a better solution with cost: 577.0
12/07/2015 01:24:08 AM VND found a better solution with cost: 573.0
12/07/2015 01:24:23 AM VND found a better solution with cost: 572.0
12/07/2015 01:24:23 AM VND found a better solution with cost: 571.0
12/07/2015 01:24:23 AM VND found a better solution with cost: 570.0
12/07/2015 01:24:23 AM solution already explored
12/07/2015 01:24:25 AM solution already explored
12/07/2015 01:24:37 AM VND found a better solution with cost: 568.0
12/07/2015 01:27:04 AM best solution so far has cost:: 527.0
12/07/2015 01:27:04 AM iteration 16:
12/07/2015 01:27:04 AM greedy construction generated solution with cost: 676.0
12/07/2015 01:27:04 AM VND called
12/07/2015 01:27:04 AM VND found a better solution with cost: 664.0
12/07/2015 01:27:04 AM VND found a better solution with cost: 659.0
12/07/2015 01:27:04 AM VND found a better solution with cost: 653.0
12/07/2015 01:27:04 AM VND found a better solution with cost: 649.0
12/07/2015 01:27:04 AM VND found a better solution with cost: 644.0
12/07/2015 01:27:05 AM VND found a better solution with cost: 641.0
12/07/2015 01:27:05 AM VND found a better solution with cost: 636.0
12/07/2015 01:27:05 AM VND found a better solution with cost: 634.0
12/07/2015 01:27:05 AM VND found a better solution with cost: 630.0
12/07/2015 01:27:05 AM VND found a better solution with cost: 628.0
12/07/2015 01:27:05 AM VND found a better solution with cost: 625.0
12/07/2015 01:27:05 AM VND found a better solution with cost: 623.0
12/07/2015 01:27:06 AM VND found a better solution with cost: 621.0
12/07/2015 01:27:08 AM VND found a better solution with cost: 619.0
12/07/2015 01:27:12 AM VND found a better solution with cost: 616.0
12/07/2015 01:27:19 AM VND found a better solution with cost: 610.0
12/07/2015 01:27:27 AM VND found a better solution with cost: 606.0
12/07/2015 01:27:45 AM VND found a better solution with cost: 605.0
12/07/2015 01:27:45 AM VND found a better solution with cost: 602.0
12/07/2015 01:27:45 AM VND found a better solution with cost: 601.0
12/07/2015 01:27:45 AM solution already explored
12/07/2015 01:27:48 AM solver completed
12/07/2015 01:27:48 AM best solution found has cost: 527.0
