12/07/2015 09:44:02 PM U: set([0, 1, 2, 3, 4, 5, 6, 7, 8, 9, 10, 11, 12, 13, 14, 15, 16, 17, 18, 19, 20, 21, 22, 23, 24, 25, 26, 27, 28, 29, 30, 31, 32, 33, 34, 35, 36, 37, 38, 39, 40, 41, 42, 43, 44, 45, 46, 47, 48, 49, 50, 51, 52, 53, 54, 55, 56, 57, 58, 59, 60, 61, 62, 63, 64, 65, 66, 67, 68, 69, 70, 71, 72, 73, 74, 75, 76, 77, 78, 79, 80, 81, 82, 83, 84, 85, 86, 87, 88, 89, 90, 91, 92, 93, 94, 95, 96, 97, 98, 99, 100, 101, 102, 103, 104, 105, 106, 107, 108, 109, 110, 111, 112, 113, 114, 115, 116, 117, 118, 119, 120, 121, 122, 123, 124, 125, 126, 127, 128, 129, 130, 131, 132, 133, 134, 135, 136, 137, 138, 139, 140, 141, 142, 143, 144, 145, 146, 147, 148, 149, 150, 151, 152, 153, 154, 155, 156, 157, 158, 159, 160, 161, 162, 163, 164, 165, 166, 167, 168, 169, 170, 171, 172, 173, 174, 175, 176, 177, 178, 179, 180, 181, 182, 183, 184, 185, 186, 187, 188, 189, 190, 191, 192, 193, 194, 195, 196, 197, 198, 199])
12/07/2015 09:44:02 PM cost array c: [   1.    1.    1.    1.    1.    1.    1.    1.    1.    1.    1.    1.
    2.    2.    2.    2.    2.    2.    2.    2.    2.    2.    2.    2.
    3.    3.    3.    3.    3.    3.    3.    3.    3.    3.    3.    3.
    3.    3.    3.    4.    4.    4.    4.    4.    4.    4.    4.    5.
    5.    5.    5.    5.    5.    5.    6.    6.    6.    6.    6.    6.
    6.    6.    6.    6.    6.    6.    7.    7.    7.    7.    7.    7.
    7.    7.    7.    7.    7.    7.    7.    7.    7.    8.    8.    8.
    8.    8.    9.    9.    9.    9.    9.    9.    9.    9.    9.   10.
   10.   10.   10.   10.   10.   10.   10.   10.   10.   10.   11.   11.
   11.   11.   11.   11.   11.   11.   11.   11.   12.   12.   12.   12.
   12.   12.   12.   12.   12.   12.   12.   12.   13.   13.   13.   13.
   13.   13.   13.   13.   13.   14.   14.   14.   14.   14.   14.   14.
   14.   14.   14.   14.   14.   15.   15.   15.   15.   15.   15.   15.
   15.   16.   16.   16.   16.   16.   16.   16.   16.   16.   16.   17.
   17.   17.   17.   17.   17.   17.   17.   17.   17.   17.   17.   17.
   17.   17.   17.   18.   18.   18.   18.   18.   18.   18.   18.   18.
   19.   19.   19.   19.   19.   19.   19.   19.   19.   20.   20.   20.
   20.   20.   20.   20.   20.   20.   21.   21.   21.   21.   21.   21.
   21.   21.   21.   21.   22.   22.   22.   22.   22.   22.   22.   22.
   22.   22.   22.   22.   22.   22.   23.   23.   23.   23.   23.   23.
   23.   23.   23.   23.   24.   24.   24.   24.   24.   24.   25.   25.
   25.   25.   25.   25.   25.   25.   25.   25.   25.   26.   26.   26.
   26.   26.   26.   26.   26.   27.   27.   27.   27.   27.   27.   27.
   27.   27.   27.   27.   27.   28.   28.   28.   28.   28.   28.   28.
   29.   29.   29.   29.   29.   29.   29.   29.   29.   30.   30.   30.
   30.   30.   30.   30.   30.   30.   31.   31.   31.   31.   31.   31.
   31.   31.   31.   32.   32.   32.   32.   32.   32.   33.   33.   33.
   33.   33.   33.   33.   33.   33.   33.   33.   33.   34.   34.   34.
   34.   34.   34.   34.   35.   35.   35.   35.   35.   35.   35.   35.
   35.   35.   35.   35.   35.   36.   36.   36.   36.   36.   36.   36.
   36.   36.   36.   36.   37.   37.   37.   37.   37.   37.   37.   37.
   38.   38.   38.   38.   38.   38.   38.   38.   38.   38.   39.   39.
   39.   39.   39.   39.   39.   39.   39.   39.   39.   39.   39.   39.
   40.   40.   40.   40.   40.   40.   40.   40.   40.   40.   40.   40.
   40.   41.   41.   41.   41.   41.   41.   41.   42.   42.   42.   42.
   42.   42.   42.   42.   42.   42.   42.   42.   42.   42.   42.   42.
   42.   43.   43.   43.   43.   43.   43.   43.   43.   43.   43.   43.
   44.   44.   44.   44.   44.   44.   44.   44.   44.   45.   45.   45.
   45.   45.   45.   45.   45.   45.   45.   46.   46.   46.   46.   46.
   46.   46.   46.   47.   47.   47.   47.   47.   47.   47.   47.   48.
   48.   48.   48.   48.   48.   48.   48.   48.   48.   48.   49.   49.
   49.   49.   49.   49.   49.   49.   50.   50.   50.   50.   50.   50.
   51.   51.   51.   51.   51.   51.   51.   51.   51.   51.   51.   51.
   51.   52.   52.   52.   52.   52.   52.   52.   52.   52.   52.   52.
   53.   53.   53.   53.   53.   53.   54.   54.   54.   54.   55.   55.
   55.   55.   55.   55.   55.   55.   55.   56.   56.   56.   56.   56.
   56.   56.   57.   57.   57.   57.   57.   57.   58.   58.   58.   58.
   58.   58.   59.   59.   59.   59.   59.   59.   59.   59.   59.   59.
   59.   59.   60.   60.   60.   60.   60.   60.   60.   60.   60.   60.
   60.   60.   60.   60.   60.   61.   61.   61.   61.   61.   61.   61.
   61.   61.   61.   61.   62.   62.   62.   62.   62.   62.   62.   62.
   62.   62.   62.   62.   62.   62.   62.   62.   63.   63.   63.   63.
   63.   63.   63.   63.   63.   63.   63.   63.   63.   63.   64.   64.
   64.   64.   64.   64.   64.   64.   64.   64.   64.   64.   64.   64.
   64.   64.   65.   65.   65.   65.   65.   65.   65.   65.   65.   66.
   66.   66.   66.   66.   66.   66.   66.   66.   66.   67.   67.   67.
   67.   67.   67.   67.   67.   67.   68.   68.   68.   68.   68.   68.
   68.   68.   68.   68.   68.   68.   68.   68.   68.   68.   68.   69.
   69.   69.   69.   69.   69.   69.   69.   69.   69.   69.   70.   70.
   70.   70.   70.   71.   71.   71.   71.   71.   71.   71.   71.   71.
   71.   72.   72.   72.   72.   72.   73.   73.   73.   73.   73.   73.
   73.   73.   73.   73.   74.   74.   74.   74.   74.   74.   75.   75.
   75.   75.   75.   75.   75.   75.   75.   75.   75.   75.   75.   76.
   76.   76.   76.   76.   76.   76.   76.   76.   76.   76.   76.   76.
   76.   76.   76.   76.   76.   76.   77.   77.   77.   77.   77.   77.
   77.   77.   77.   78.   78.   78.   78.   78.   79.   79.   79.   79.
   79.   79.   79.   79.   79.   79.   79.   80.   80.   80.   80.   80.
   80.   80.   80.   80.   80.   80.   80.   81.   81.   81.   81.   81.
   81.   81.   82.   82.   82.   82.   82.   82.   82.   82.   82.   82.
   83.   83.   83.   83.   83.   83.   84.   84.   84.   84.   84.   84.
   84.   84.   84.   84.   84.   84.   84.   84.   85.   85.   85.   85.
   85.   85.   85.   85.   85.   85.   86.   86.   86.   86.   86.   86.
   86.   86.   86.   86.   86.   86.   87.   87.   87.   87.   88.   88.
   88.   88.   88.   88.   88.   88.   88.   88.   88.   89.   89.   89.
   89.   89.   89.   89.   89.   90.   90.   90.   90.   90.   90.   90.
   90.   90.   90.   91.   91.   91.   91.   91.   91.   91.   92.   92.
   92.   92.   92.   92.   92.   92.   92.   92.   93.   93.   93.   93.
   93.   93.   93.   93.   93.   93.   93.   94.   94.   94.   94.   94.
   94.   94.   94.   94.   94.   94.   95.   95.   95.   95.   95.   95.
   95.   96.   96.   96.   96.   96.   96.   96.   96.   96.   97.   97.
   97.   97.   97.   97.   97.   97.   97.   97.   97.   98.   98.   98.
   98.   98.   98.   98.   98.   98.   98.   98.   99.   99.   99.   99.
   99.   99.   99.   99.   99.   99.   99.   99.   99.   99.   99.   99.
   99.  100.  100.  100.]
12/07/2015 09:44:02 PM # iteration 1: 
12/07/2015 09:44:02 PM Best set found: 0 - ratio: 6.000
12/07/2015 09:44:02 PM Sets added to the solution so far: [0]
12/07/2015 09:44:02 PM C: set([64, 199, 74, 176, 148, 58])
12/07/2015 09:44:02 PM # iteration 2: 
12/07/2015 09:44:02 PM Best set found: 1 - ratio: 5.000
12/07/2015 09:44:02 PM Sets added to the solution so far: [0, 1]
12/07/2015 09:44:02 PM C: set([64, 199, 74, 142, 148, 14, 101, 176, 177, 20, 58])
12/07/2015 09:44:02 PM # iteration 3: 
12/07/2015 09:44:02 PM Best set found: 2 - ratio: 5.000
12/07/2015 09:44:02 PM Sets added to the solution so far: [0, 1, 2]
12/07/2015 09:44:02 PM C: set([64, 162, 101, 199, 9, 74, 142, 176, 177, 148, 14, 20, 58, 138, 30, 127])
12/07/2015 09:44:02 PM # iteration 4: 
12/07/2015 09:44:02 PM Best set found: 4 - ratio: 5.000
12/07/2015 09:44:02 PM Sets added to the solution so far: [0, 1, 2, 4]
12/07/2015 09:44:02 PM C: set([64, 199, 9, 74, 142, 148, 14, 152, 30, 162, 101, 107, 176, 177, 94, 20, 58, 63, 138, 126, 127])
12/07/2015 09:44:02 PM # iteration 5: 
12/07/2015 09:44:02 PM Best set found: 7 - ratio: 4.000
12/07/2015 09:44:02 PM Sets added to the solution so far: [0, 1, 2, 4, 7]
12/07/2015 09:44:02 PM C: set([64, 3, 199, 9, 74, 142, 145, 148, 14, 152, 26, 30, 162, 101, 107, 176, 177, 94, 85, 20, 58, 127, 138, 126, 63])
12/07/2015 09:44:02 PM # iteration 6: 
12/07/2015 09:44:02 PM Best set found: 8 - ratio: 4.000
12/07/2015 09:44:02 PM Sets added to the solution so far: [0, 1, 2, 4, 7, 8]
12/07/2015 09:44:02 PM C: set([64, 3, 199, 9, 74, 13, 142, 145, 148, 14, 152, 26, 30, 162, 101, 63, 107, 125, 176, 177, 115, 94, 105, 20, 58, 127, 138, 126, 85])
12/07/2015 09:44:02 PM # iteration 7: 
12/07/2015 09:44:02 PM Best set found: 3 - ratio: 3.000
12/07/2015 09:44:02 PM Sets added to the solution so far: [0, 1, 2, 4, 7, 8, 3]
12/07/2015 09:44:02 PM C: set([64, 3, 199, 9, 74, 140, 13, 142, 141, 145, 148, 14, 152, 26, 30, 162, 101, 105, 107, 176, 177, 115, 180, 94, 138, 85, 20, 58, 127, 125, 126, 63])
12/07/2015 09:44:02 PM # iteration 8: 
12/07/2015 09:44:02 PM Best set found: 5 - ratio: 3.000
12/07/2015 09:44:02 PM Sets added to the solution so far: [0, 1, 2, 4, 7, 8, 3, 5]
12/07/2015 09:44:02 PM C: set([129, 3, 4, 9, 138, 140, 13, 142, 143, 145, 148, 152, 26, 30, 162, 176, 177, 180, 58, 63, 64, 199, 74, 141, 14, 94, 101, 105, 107, 115, 20, 127, 125, 126, 85])
12/07/2015 09:44:02 PM # iteration 9: 
12/07/2015 09:44:02 PM Best set found: 6 - ratio: 3.000
12/07/2015 09:44:02 PM Sets added to the solution so far: [0, 1, 2, 4, 7, 8, 3, 5, 6]
12/07/2015 09:44:02 PM C: set([129, 2, 3, 4, 9, 138, 140, 13, 142, 143, 145, 148, 152, 26, 30, 162, 176, 177, 180, 58, 63, 64, 199, 74, 141, 84, 14, 94, 101, 104, 105, 107, 115, 85, 20, 125, 126, 127])
12/07/2015 09:44:02 PM # iteration 10: 
12/07/2015 09:44:02 PM Best set found: 10 - ratio: 3.000
12/07/2015 09:44:02 PM Sets added to the solution so far: [0, 1, 2, 4, 7, 8, 3, 5, 6, 10]
12/07/2015 09:44:02 PM C: set([0, 129, 2, 3, 4, 9, 138, 140, 13, 142, 143, 145, 148, 152, 26, 30, 162, 176, 177, 180, 58, 60, 63, 64, 199, 74, 141, 84, 14, 94, 101, 104, 105, 107, 115, 119, 20, 127, 125, 126, 85])
12/07/2015 09:44:02 PM # iteration 11: 
12/07/2015 09:44:02 PM Best set found: 12 - ratio: 2.500
12/07/2015 09:44:02 PM Sets added to the solution so far: [0, 1, 2, 4, 7, 8, 3, 5, 6, 10, 12]
12/07/2015 09:44:02 PM C: set([0, 129, 2, 3, 4, 133, 9, 138, 140, 13, 142, 143, 145, 19, 148, 152, 25, 26, 30, 162, 85, 176, 177, 179, 180, 58, 60, 63, 64, 199, 74, 141, 82, 84, 14, 94, 101, 104, 105, 107, 115, 119, 20, 125, 126, 127])
12/07/2015 09:44:02 PM # iteration 12: 
12/07/2015 09:44:02 PM Best set found: 13 - ratio: 2.500
12/07/2015 09:44:02 PM Sets added to the solution so far: [0, 1, 2, 4, 7, 8, 3, 5, 6, 10, 12, 13]
12/07/2015 09:44:02 PM C: set([0, 129, 2, 3, 4, 133, 9, 138, 140, 13, 142, 143, 145, 18, 19, 148, 152, 25, 26, 30, 5, 162, 14, 176, 177, 179, 180, 53, 58, 60, 10, 63, 64, 199, 74, 141, 82, 84, 85, 94, 101, 104, 105, 107, 115, 118, 119, 20, 125, 126, 127])
12/07/2015 09:44:02 PM # iteration 13: 
12/07/2015 09:44:02 PM Best set found: 9 - ratio: 2.000
12/07/2015 09:44:02 PM Sets added to the solution so far: [0, 1, 2, 4, 7, 8, 3, 5, 6, 10, 12, 13, 9]
12/07/2015 09:44:02 PM C: set([0, 129, 2, 3, 4, 133, 9, 138, 140, 13, 142, 143, 145, 18, 19, 148, 152, 25, 26, 30, 5, 162, 176, 177, 179, 180, 53, 58, 60, 10, 63, 64, 70, 199, 74, 141, 82, 84, 14, 94, 101, 104, 105, 107, 110, 115, 118, 119, 20, 127, 125, 126, 85])
12/07/2015 09:44:02 PM # iteration 14: 
12/07/2015 09:44:02 PM Best set found: 14 - ratio: 2.000
12/07/2015 09:44:02 PM Sets added to the solution so far: [0, 1, 2, 4, 7, 8, 3, 5, 6, 10, 12, 13, 9, 14]
12/07/2015 09:44:02 PM C: set([0, 129, 2, 3, 4, 133, 9, 138, 140, 13, 142, 143, 145, 18, 19, 148, 152, 25, 26, 30, 5, 162, 85, 168, 71, 176, 177, 179, 180, 53, 58, 60, 10, 63, 64, 196, 70, 199, 74, 141, 82, 84, 14, 94, 101, 104, 105, 107, 110, 113, 115, 118, 119, 20, 125, 126, 127])
12/07/2015 09:44:02 PM # iteration 15: 
12/07/2015 09:44:02 PM Best set found: 15 - ratio: 2.000
12/07/2015 09:44:02 PM Sets added to the solution so far: [0, 1, 2, 4, 7, 8, 3, 5, 6, 10, 12, 13, 9, 14, 15]
12/07/2015 09:44:02 PM C: set([0, 129, 2, 3, 4, 133, 51, 9, 138, 140, 13, 142, 143, 145, 18, 19, 148, 152, 25, 26, 30, 5, 162, 165, 168, 14, 199, 46, 176, 177, 179, 180, 53, 58, 60, 10, 63, 64, 196, 70, 71, 74, 141, 82, 147, 84, 85, 94, 101, 104, 105, 107, 110, 113, 115, 118, 119, 20, 125, 126, 127])
12/07/2015 09:44:02 PM # iteration 16: 
12/07/2015 09:44:02 PM Best set found: 18 - ratio: 2.000
12/07/2015 09:44:02 PM Sets added to the solution so far: [0, 1, 2, 4, 7, 8, 3, 5, 6, 10, 12, 13, 9, 14, 15, 18]
12/07/2015 09:44:02 PM C: set([0, 129, 2, 3, 4, 133, 7, 9, 138, 140, 13, 142, 143, 179, 145, 18, 19, 148, 22, 152, 25, 26, 30, 5, 162, 165, 168, 71, 173, 46, 176, 177, 192, 51, 180, 53, 58, 60, 10, 63, 64, 196, 70, 199, 74, 141, 115, 82, 84, 14, 94, 101, 104, 105, 107, 110, 113, 147, 118, 119, 20, 127, 125, 126, 85])
12/07/2015 09:44:02 PM # iteration 17: 
12/07/2015 09:44:02 PM Best set found: 24 - ratio: 2.000
12/07/2015 09:44:02 PM Sets added to the solution so far: [0, 1, 2, 4, 7, 8, 3, 5, 6, 10, 12, 13, 9, 14, 15, 18, 24]
12/07/2015 09:44:02 PM C: set([0, 2, 3, 4, 5, 7, 9, 10, 13, 14, 16, 18, 19, 20, 22, 25, 26, 30, 33, 46, 51, 53, 58, 60, 63, 64, 70, 71, 74, 82, 84, 85, 94, 101, 104, 105, 107, 110, 113, 115, 117, 118, 119, 125, 126, 127, 129, 133, 138, 140, 141, 142, 143, 145, 147, 148, 152, 159, 162, 165, 168, 173, 176, 177, 178, 179, 180, 192, 195, 196, 199])
12/07/2015 09:44:02 PM # iteration 18: 
12/07/2015 09:44:02 PM Best set found: 39 - ratio: 1.750
12/07/2015 09:44:02 PM Sets added to the solution so far: [0, 1, 2, 4, 7, 8, 3, 5, 6, 10, 12, 13, 9, 14, 15, 18, 24, 39]
12/07/2015 09:44:02 PM C: set([0, 2, 3, 4, 5, 7, 9, 10, 11, 13, 14, 15, 16, 18, 19, 20, 22, 24, 25, 26, 30, 31, 33, 36, 37, 46, 51, 53, 58, 60, 63, 64, 65, 70, 71, 74, 82, 84, 85, 94, 101, 104, 105, 107, 110, 113, 115, 117, 118, 119, 125, 126, 127, 129, 133, 138, 140, 141, 142, 143, 145, 147, 148, 152, 159, 162, 165, 168, 173, 176, 177, 178, 179, 180, 192, 195, 196, 199])
12/07/2015 09:44:02 PM # iteration 19: 
12/07/2015 09:44:02 PM Best set found: 20 - ratio: 1.500
12/07/2015 09:44:02 PM Sets added to the solution so far: [0, 1, 2, 4, 7, 8, 3, 5, 6, 10, 12, 13, 9, 14, 15, 18, 24, 39, 20]
12/07/2015 09:44:02 PM C: set([0, 2, 3, 4, 5, 7, 9, 10, 11, 13, 14, 15, 16, 18, 19, 20, 22, 24, 25, 26, 30, 31, 33, 36, 37, 46, 51, 53, 58, 60, 63, 64, 65, 70, 71, 74, 81, 82, 84, 85, 94, 101, 104, 105, 107, 110, 111, 113, 115, 117, 118, 119, 125, 126, 127, 129, 133, 138, 140, 141, 142, 143, 145, 146, 147, 148, 152, 159, 162, 165, 168, 173, 176, 177, 178, 179, 180, 192, 195, 196, 199])
12/07/2015 09:44:02 PM # iteration 20: 
12/07/2015 09:44:02 PM Best set found: 28 - ratio: 1.333
12/07/2015 09:44:02 PM Sets added to the solution so far: [0, 1, 2, 4, 7, 8, 3, 5, 6, 10, 12, 13, 9, 14, 15, 18, 24, 39, 20, 28]
12/07/2015 09:44:02 PM C: set([0, 2, 3, 4, 5, 7, 9, 10, 11, 13, 14, 15, 16, 18, 19, 20, 22, 24, 25, 26, 30, 31, 33, 36, 37, 41, 46, 51, 53, 58, 60, 63, 64, 65, 70, 71, 74, 77, 81, 82, 84, 85, 94, 101, 104, 105, 107, 110, 111, 113, 115, 117, 118, 119, 121, 125, 126, 127, 129, 133, 138, 140, 141, 142, 143, 145, 146, 147, 148, 152, 157, 159, 162, 165, 168, 173, 176, 177, 178, 179, 180, 192, 195, 196, 199])
12/07/2015 09:44:02 PM # iteration 21: 
12/07/2015 09:44:02 PM Best set found: 31 - ratio: 1.333
12/07/2015 09:44:02 PM Sets added to the solution so far: [0, 1, 2, 4, 7, 8, 3, 5, 6, 10, 12, 13, 9, 14, 15, 18, 24, 39, 20, 28, 31]
12/07/2015 09:44:02 PM C: set([0, 2, 3, 4, 5, 7, 9, 10, 11, 13, 14, 15, 16, 18, 19, 20, 22, 24, 25, 26, 30, 31, 33, 36, 37, 41, 46, 51, 53, 58, 60, 63, 64, 65, 70, 71, 74, 75, 77, 79, 81, 82, 84, 85, 94, 101, 104, 105, 107, 110, 111, 113, 115, 117, 118, 119, 121, 125, 126, 127, 129, 133, 134, 138, 140, 141, 142, 143, 145, 146, 147, 148, 152, 157, 159, 162, 165, 168, 172, 173, 176, 177, 178, 179, 180, 192, 195, 196, 199])
12/07/2015 09:44:02 PM # iteration 22: 
12/07/2015 09:44:02 PM Best set found: 11 - ratio: 1.000
12/07/2015 09:44:02 PM Sets added to the solution so far: [0, 1, 2, 4, 7, 8, 3, 5, 6, 10, 12, 13, 9, 14, 15, 18, 24, 39, 20, 28, 31, 11]
12/07/2015 09:44:02 PM C: set([0, 2, 3, 4, 5, 7, 9, 10, 11, 13, 14, 15, 16, 18, 19, 20, 22, 24, 25, 26, 30, 31, 33, 36, 37, 41, 42, 46, 51, 53, 58, 60, 63, 64, 65, 70, 71, 74, 75, 77, 79, 81, 82, 84, 85, 94, 101, 104, 105, 107, 110, 111, 113, 115, 117, 118, 119, 121, 125, 126, 127, 129, 133, 134, 138, 140, 141, 142, 143, 145, 146, 147, 148, 152, 157, 159, 162, 165, 168, 172, 173, 176, 177, 178, 179, 180, 192, 195, 196, 199])
12/07/2015 09:44:02 PM # iteration 23: 
12/07/2015 09:44:02 PM Best set found: 16 - ratio: 1.000
12/07/2015 09:44:02 PM Sets added to the solution so far: [0, 1, 2, 4, 7, 8, 3, 5, 6, 10, 12, 13, 9, 14, 15, 18, 24, 39, 20, 28, 31, 11, 16]
12/07/2015 09:44:02 PM C: set([0, 2, 3, 4, 5, 7, 9, 10, 11, 13, 14, 15, 16, 18, 19, 20, 22, 24, 25, 26, 30, 31, 33, 36, 37, 41, 42, 46, 51, 53, 58, 60, 63, 64, 65, 68, 70, 71, 74, 75, 77, 79, 81, 82, 84, 85, 87, 94, 101, 104, 105, 107, 110, 111, 113, 115, 117, 118, 119, 121, 125, 126, 127, 129, 133, 134, 138, 140, 141, 142, 143, 145, 146, 147, 148, 152, 157, 159, 162, 165, 168, 172, 173, 176, 177, 178, 179, 180, 192, 195, 196, 199])
12/07/2015 09:44:02 PM # iteration 24: 
12/07/2015 09:44:02 PM Best set found: 17 - ratio: 1.000
12/07/2015 09:44:02 PM Sets added to the solution so far: [0, 1, 2, 4, 7, 8, 3, 5, 6, 10, 12, 13, 9, 14, 15, 18, 24, 39, 20, 28, 31, 11, 16, 17]
12/07/2015 09:44:02 PM C: set([0, 2, 3, 4, 5, 7, 9, 10, 11, 13, 14, 15, 16, 18, 19, 20, 22, 24, 25, 26, 30, 31, 33, 36, 37, 41, 42, 46, 50, 51, 53, 58, 60, 63, 64, 65, 68, 70, 71, 74, 75, 77, 79, 81, 82, 84, 85, 87, 94, 101, 104, 105, 106, 107, 110, 111, 113, 115, 117, 118, 119, 121, 125, 126, 127, 129, 133, 134, 138, 140, 141, 142, 143, 145, 146, 147, 148, 152, 157, 159, 162, 165, 168, 172, 173, 176, 177, 178, 179, 180, 192, 195, 196, 199])
12/07/2015 09:44:02 PM # iteration 25: 
12/07/2015 09:44:02 PM Best set found: 22 - ratio: 1.000
12/07/2015 09:44:02 PM Sets added to the solution so far: [0, 1, 2, 4, 7, 8, 3, 5, 6, 10, 12, 13, 9, 14, 15, 18, 24, 39, 20, 28, 31, 11, 16, 17, 22]
12/07/2015 09:44:02 PM C: set([0, 2, 3, 4, 5, 7, 9, 10, 11, 13, 14, 15, 16, 18, 19, 20, 22, 24, 25, 26, 30, 31, 33, 36, 37, 41, 42, 46, 50, 51, 53, 58, 60, 63, 64, 65, 68, 70, 71, 74, 75, 77, 79, 81, 82, 83, 84, 85, 87, 94, 101, 104, 105, 106, 107, 110, 111, 113, 115, 117, 118, 119, 121, 125, 126, 127, 129, 133, 134, 138, 140, 141, 142, 143, 145, 146, 147, 148, 152, 157, 159, 162, 165, 168, 172, 173, 175, 176, 177, 178, 179, 180, 192, 195, 196, 199])
12/07/2015 09:44:02 PM # iteration 26: 
12/07/2015 09:44:02 PM Best set found: 27 - ratio: 1.000
12/07/2015 09:44:02 PM Sets added to the solution so far: [0, 1, 2, 4, 7, 8, 3, 5, 6, 10, 12, 13, 9, 14, 15, 18, 24, 39, 20, 28, 31, 11, 16, 17, 22, 27]
12/07/2015 09:44:02 PM C: set([0, 2, 3, 4, 5, 7, 9, 10, 11, 13, 14, 15, 16, 18, 19, 20, 22, 24, 25, 26, 30, 31, 33, 36, 37, 41, 42, 46, 50, 51, 53, 58, 60, 63, 64, 65, 68, 70, 71, 74, 75, 77, 79, 81, 82, 83, 84, 85, 87, 94, 101, 104, 105, 106, 107, 110, 111, 113, 115, 117, 118, 119, 121, 125, 126, 127, 129, 133, 134, 138, 140, 141, 142, 143, 145, 146, 147, 148, 150, 152, 155, 157, 159, 162, 165, 168, 171, 172, 173, 175, 176, 177, 178, 179, 180, 192, 195, 196, 199])
12/07/2015 09:44:02 PM # iteration 27: 
12/07/2015 09:44:02 PM Best set found: 29 - ratio: 1.000
12/07/2015 09:44:02 PM Sets added to the solution so far: [0, 1, 2, 4, 7, 8, 3, 5, 6, 10, 12, 13, 9, 14, 15, 18, 24, 39, 20, 28, 31, 11, 16, 17, 22, 27, 29]
12/07/2015 09:44:02 PM C: set([0, 2, 3, 4, 5, 7, 9, 10, 11, 13, 14, 15, 16, 18, 19, 20, 22, 24, 25, 26, 30, 31, 33, 36, 37, 41, 42, 46, 50, 51, 53, 58, 60, 63, 64, 65, 68, 70, 71, 74, 75, 77, 79, 81, 82, 83, 84, 85, 87, 91, 94, 101, 104, 105, 106, 107, 110, 111, 113, 115, 117, 118, 119, 121, 125, 126, 127, 129, 132, 133, 134, 138, 140, 141, 142, 143, 145, 146, 147, 148, 150, 152, 154, 155, 157, 159, 162, 165, 168, 171, 172, 173, 175, 176, 177, 178, 179, 180, 192, 195, 196, 199])
12/07/2015 09:44:02 PM # iteration 28: 
12/07/2015 09:44:02 PM Best set found: 30 - ratio: 1.000
12/07/2015 09:44:02 PM Sets added to the solution so far: [0, 1, 2, 4, 7, 8, 3, 5, 6, 10, 12, 13, 9, 14, 15, 18, 24, 39, 20, 28, 31, 11, 16, 17, 22, 27, 29, 30]
12/07/2015 09:44:02 PM C: set([0, 1, 2, 3, 4, 5, 7, 9, 10, 11, 13, 14, 15, 16, 18, 19, 20, 22, 24, 25, 26, 30, 31, 33, 36, 37, 41, 42, 46, 50, 51, 53, 58, 60, 63, 64, 65, 68, 70, 71, 74, 75, 77, 79, 81, 82, 83, 84, 85, 87, 91, 94, 101, 104, 105, 106, 107, 110, 111, 113, 115, 117, 118, 119, 121, 125, 126, 127, 129, 132, 133, 134, 138, 140, 141, 142, 143, 145, 146, 147, 148, 150, 152, 154, 155, 157, 159, 162, 165, 168, 169, 171, 172, 173, 175, 176, 177, 178, 179, 180, 189, 192, 195, 196, 199])
12/07/2015 09:44:02 PM # iteration 29: 
12/07/2015 09:44:02 PM Best set found: 47 - ratio: 0.800
12/07/2015 09:44:02 PM Sets added to the solution so far: [0, 1, 2, 4, 7, 8, 3, 5, 6, 10, 12, 13, 9, 14, 15, 18, 24, 39, 20, 28, 31, 11, 16, 17, 22, 27, 29, 30, 47]
12/07/2015 09:44:02 PM C: set([0, 1, 2, 3, 4, 5, 7, 9, 10, 11, 13, 14, 15, 16, 18, 19, 20, 22, 24, 25, 26, 30, 31, 33, 36, 37, 41, 42, 46, 50, 51, 53, 58, 60, 63, 64, 65, 68, 70, 71, 74, 75, 76, 77, 79, 81, 82, 83, 84, 85, 87, 91, 94, 98, 101, 104, 105, 106, 107, 110, 111, 113, 115, 117, 118, 119, 121, 125, 126, 127, 129, 132, 133, 134, 138, 140, 141, 142, 143, 145, 146, 147, 148, 150, 152, 153, 154, 155, 157, 159, 162, 165, 168, 169, 171, 172, 173, 174, 175, 176, 177, 178, 179, 180, 189, 192, 195, 196, 199])
12/07/2015 09:44:02 PM # iteration 30: 
12/07/2015 09:44:02 PM Best set found: 48 - ratio: 0.800
12/07/2015 09:44:02 PM Sets added to the solution so far: [0, 1, 2, 4, 7, 8, 3, 5, 6, 10, 12, 13, 9, 14, 15, 18, 24, 39, 20, 28, 31, 11, 16, 17, 22, 27, 29, 30, 47, 48]
12/07/2015 09:44:02 PM C: set([0, 1, 2, 3, 4, 5, 7, 9, 10, 11, 13, 14, 15, 16, 18, 19, 20, 22, 24, 25, 26, 30, 31, 33, 36, 37, 41, 42, 46, 50, 51, 53, 58, 60, 63, 64, 65, 68, 70, 71, 74, 75, 76, 77, 79, 81, 82, 83, 84, 85, 87, 91, 94, 98, 100, 101, 104, 105, 106, 107, 110, 111, 113, 115, 117, 118, 119, 121, 125, 126, 127, 129, 132, 133, 134, 138, 140, 141, 142, 143, 145, 146, 147, 148, 150, 152, 153, 154, 155, 157, 159, 161, 162, 165, 168, 169, 171, 172, 173, 174, 175, 176, 177, 178, 179, 180, 183, 187, 189, 192, 195, 196, 199])
12/07/2015 09:44:02 PM # iteration 31: 
12/07/2015 09:44:02 PM Best set found: 41 - ratio: 0.750
12/07/2015 09:44:02 PM Sets added to the solution so far: [0, 1, 2, 4, 7, 8, 3, 5, 6, 10, 12, 13, 9, 14, 15, 18, 24, 39, 20, 28, 31, 11, 16, 17, 22, 27, 29, 30, 47, 48, 41]
12/07/2015 09:44:02 PM C: set([0, 1, 2, 3, 4, 5, 7, 9, 10, 11, 13, 14, 15, 16, 18, 19, 20, 22, 24, 25, 26, 30, 31, 33, 36, 37, 41, 42, 46, 50, 51, 53, 58, 60, 63, 64, 65, 68, 70, 71, 74, 75, 76, 77, 79, 81, 82, 83, 84, 85, 87, 90, 91, 94, 98, 100, 101, 104, 105, 106, 107, 110, 111, 113, 115, 117, 118, 119, 121, 125, 126, 127, 129, 132, 133, 134, 138, 140, 141, 142, 143, 144, 145, 146, 147, 148, 150, 152, 153, 154, 155, 157, 159, 161, 162, 163, 165, 168, 169, 171, 172, 173, 174, 175, 176, 177, 178, 179, 180, 183, 187, 189, 192, 195, 196, 199])
12/07/2015 09:44:02 PM # iteration 32: 
12/07/2015 09:44:02 PM Best set found: 25 - ratio: 0.667
12/07/2015 09:44:02 PM Sets added to the solution so far: [0, 1, 2, 4, 7, 8, 3, 5, 6, 10, 12, 13, 9, 14, 15, 18, 24, 39, 20, 28, 31, 11, 16, 17, 22, 27, 29, 30, 47, 48, 41, 25]
12/07/2015 09:44:02 PM C: set([0, 1, 2, 3, 4, 5, 7, 9, 10, 11, 13, 14, 15, 16, 18, 19, 20, 22, 24, 25, 26, 30, 31, 33, 36, 37, 41, 42, 46, 50, 51, 53, 58, 60, 63, 64, 65, 68, 70, 71, 74, 75, 76, 77, 79, 81, 82, 83, 84, 85, 87, 90, 91, 94, 98, 100, 101, 102, 104, 105, 106, 107, 110, 111, 113, 115, 117, 118, 119, 121, 125, 126, 127, 129, 131, 132, 133, 134, 138, 140, 141, 142, 143, 144, 145, 146, 147, 148, 150, 152, 153, 154, 155, 157, 159, 161, 162, 163, 165, 168, 169, 171, 172, 173, 174, 175, 176, 177, 178, 179, 180, 183, 187, 189, 192, 195, 196, 199])
12/07/2015 09:44:02 PM # iteration 33: 
12/07/2015 09:44:02 PM Best set found: 26 - ratio: 0.667
12/07/2015 09:44:02 PM Sets added to the solution so far: [0, 1, 2, 4, 7, 8, 3, 5, 6, 10, 12, 13, 9, 14, 15, 18, 24, 39, 20, 28, 31, 11, 16, 17, 22, 27, 29, 30, 47, 48, 41, 25, 26]
12/07/2015 09:44:02 PM C: set([0, 1, 2, 3, 4, 5, 7, 9, 10, 11, 12, 13, 14, 15, 16, 18, 19, 20, 22, 24, 25, 26, 30, 31, 33, 36, 37, 41, 42, 46, 50, 51, 53, 58, 60, 63, 64, 65, 68, 70, 71, 74, 75, 76, 77, 79, 81, 82, 83, 84, 85, 87, 90, 91, 94, 98, 100, 101, 102, 104, 105, 106, 107, 110, 111, 113, 115, 117, 118, 119, 120, 121, 125, 126, 127, 129, 131, 132, 133, 134, 138, 140, 141, 142, 143, 144, 145, 146, 147, 148, 150, 152, 153, 154, 155, 157, 159, 161, 162, 163, 165, 168, 169, 171, 172, 173, 174, 175, 176, 177, 178, 179, 180, 183, 187, 189, 192, 195, 196, 199])
12/07/2015 09:44:02 PM # iteration 34: 
12/07/2015 09:44:02 PM Best set found: 32 - ratio: 0.667
12/07/2015 09:44:02 PM Sets added to the solution so far: [0, 1, 2, 4, 7, 8, 3, 5, 6, 10, 12, 13, 9, 14, 15, 18, 24, 39, 20, 28, 31, 11, 16, 17, 22, 27, 29, 30, 47, 48, 41, 25, 26, 32]
12/07/2015 09:44:02 PM C: set([0, 1, 2, 3, 4, 5, 7, 9, 10, 11, 12, 13, 14, 15, 16, 18, 19, 20, 22, 24, 25, 26, 30, 31, 33, 36, 37, 41, 42, 46, 50, 51, 53, 58, 60, 63, 64, 65, 68, 70, 71, 74, 75, 76, 77, 79, 81, 82, 83, 84, 85, 87, 90, 91, 94, 98, 100, 101, 102, 104, 105, 106, 107, 108, 110, 111, 113, 115, 117, 118, 119, 120, 121, 125, 126, 127, 129, 131, 132, 133, 134, 138, 140, 141, 142, 143, 144, 145, 146, 147, 148, 150, 152, 153, 154, 155, 157, 159, 161, 162, 163, 165, 168, 169, 171, 172, 173, 174, 175, 176, 177, 178, 179, 180, 183, 187, 189, 192, 193, 195, 196, 199])
12/07/2015 09:44:02 PM # iteration 35: 
12/07/2015 09:44:02 PM Best set found: 36 - ratio: 0.667
12/07/2015 09:44:02 PM Sets added to the solution so far: [0, 1, 2, 4, 7, 8, 3, 5, 6, 10, 12, 13, 9, 14, 15, 18, 24, 39, 20, 28, 31, 11, 16, 17, 22, 27, 29, 30, 47, 48, 41, 25, 26, 32, 36]
12/07/2015 09:44:02 PM C: set([0, 1, 2, 3, 4, 5, 7, 9, 10, 11, 12, 13, 14, 15, 16, 18, 19, 20, 22, 24, 25, 26, 30, 31, 33, 36, 37, 41, 42, 46, 50, 51, 53, 58, 60, 63, 64, 65, 68, 70, 71, 72, 74, 75, 76, 77, 79, 81, 82, 83, 84, 85, 87, 90, 91, 94, 98, 100, 101, 102, 104, 105, 106, 107, 108, 110, 111, 113, 115, 117, 118, 119, 120, 121, 125, 126, 127, 129, 131, 132, 133, 134, 138, 140, 141, 142, 143, 144, 145, 146, 147, 148, 150, 152, 153, 154, 155, 157, 159, 161, 162, 163, 165, 167, 168, 169, 171, 172, 173, 174, 175, 176, 177, 178, 179, 180, 183, 187, 189, 192, 193, 195, 196, 199])
12/07/2015 09:44:02 PM # iteration 36: 
12/07/2015 09:44:02 PM Best set found: 55 - ratio: 0.667
12/07/2015 09:44:02 PM Sets added to the solution so far: [0, 1, 2, 4, 7, 8, 3, 5, 6, 10, 12, 13, 9, 14, 15, 18, 24, 39, 20, 28, 31, 11, 16, 17, 22, 27, 29, 30, 47, 48, 41, 25, 26, 32, 36, 55]
12/07/2015 09:44:02 PM C: set([0, 1, 2, 3, 4, 5, 7, 9, 10, 11, 12, 13, 14, 15, 16, 18, 19, 20, 22, 23, 24, 25, 26, 30, 31, 33, 36, 37, 41, 42, 46, 50, 51, 53, 58, 60, 63, 64, 65, 68, 70, 71, 72, 74, 75, 76, 77, 79, 81, 82, 83, 84, 85, 87, 90, 91, 94, 97, 98, 100, 101, 102, 104, 105, 106, 107, 108, 110, 111, 113, 115, 117, 118, 119, 120, 121, 125, 126, 127, 129, 131, 132, 133, 134, 135, 138, 140, 141, 142, 143, 144, 145, 146, 147, 148, 150, 152, 153, 154, 155, 157, 159, 161, 162, 163, 165, 167, 168, 169, 171, 172, 173, 174, 175, 176, 177, 178, 179, 180, 183, 187, 188, 189, 192, 193, 195, 196, 199])
12/07/2015 09:44:02 PM # iteration 37: 
12/07/2015 09:44:02 PM Best set found: 67 - ratio: 0.571
12/07/2015 09:44:02 PM Sets added to the solution so far: [0, 1, 2, 4, 7, 8, 3, 5, 6, 10, 12, 13, 9, 14, 15, 18, 24, 39, 20, 28, 31, 11, 16, 17, 22, 27, 29, 30, 47, 48, 41, 25, 26, 32, 36, 55, 67]
12/07/2015 09:44:02 PM C: set([0, 1, 2, 3, 4, 5, 7, 9, 10, 11, 12, 13, 14, 15, 16, 17, 18, 19, 20, 22, 23, 24, 25, 26, 27, 30, 31, 33, 36, 37, 40, 41, 42, 46, 50, 51, 53, 58, 60, 63, 64, 65, 68, 70, 71, 72, 74, 75, 76, 77, 79, 81, 82, 83, 84, 85, 87, 90, 91, 94, 97, 98, 100, 101, 102, 104, 105, 106, 107, 108, 110, 111, 113, 115, 117, 118, 119, 120, 121, 125, 126, 127, 129, 131, 132, 133, 134, 135, 138, 140, 141, 142, 143, 144, 145, 146, 147, 148, 150, 152, 153, 154, 155, 157, 159, 160, 161, 162, 163, 165, 167, 168, 169, 171, 172, 173, 174, 175, 176, 177, 178, 179, 180, 183, 187, 188, 189, 192, 193, 195, 196, 199])
12/07/2015 09:44:02 PM # iteration 38: 
12/07/2015 09:44:02 PM Best set found: 21 - ratio: 0.500
12/07/2015 09:44:02 PM Sets added to the solution so far: [0, 1, 2, 4, 7, 8, 3, 5, 6, 10, 12, 13, 9, 14, 15, 18, 24, 39, 20, 28, 31, 11, 16, 17, 22, 27, 29, 30, 47, 48, 41, 25, 26, 32, 36, 55, 67, 21]
12/07/2015 09:44:02 PM C: set([0, 1, 2, 3, 4, 5, 7, 9, 10, 11, 12, 13, 14, 15, 16, 17, 18, 19, 20, 22, 23, 24, 25, 26, 27, 30, 31, 33, 36, 37, 40, 41, 42, 46, 49, 50, 51, 53, 58, 60, 63, 64, 65, 68, 70, 71, 72, 74, 75, 76, 77, 79, 81, 82, 83, 84, 85, 87, 90, 91, 94, 97, 98, 100, 101, 102, 104, 105, 106, 107, 108, 110, 111, 113, 115, 117, 118, 119, 120, 121, 125, 126, 127, 129, 131, 132, 133, 134, 135, 138, 140, 141, 142, 143, 144, 145, 146, 147, 148, 150, 152, 153, 154, 155, 157, 159, 160, 161, 162, 163, 165, 167, 168, 169, 171, 172, 173, 174, 175, 176, 177, 178, 179, 180, 183, 187, 188, 189, 192, 193, 195, 196, 199])
12/07/2015 09:44:02 PM # iteration 39: 
12/07/2015 09:44:02 PM Best set found: 40 - ratio: 0.500
12/07/2015 09:44:02 PM Sets added to the solution so far: [0, 1, 2, 4, 7, 8, 3, 5, 6, 10, 12, 13, 9, 14, 15, 18, 24, 39, 20, 28, 31, 11, 16, 17, 22, 27, 29, 30, 47, 48, 41, 25, 26, 32, 36, 55, 67, 21, 40]
12/07/2015 09:44:02 PM C: set([0, 1, 2, 3, 4, 5, 7, 9, 10, 11, 12, 13, 14, 15, 16, 17, 18, 19, 20, 22, 23, 24, 25, 26, 27, 30, 31, 33, 36, 37, 40, 41, 42, 46, 49, 50, 51, 53, 58, 60, 63, 64, 65, 68, 70, 71, 72, 74, 75, 76, 77, 79, 81, 82, 83, 84, 85, 87, 90, 91, 94, 97, 98, 100, 101, 102, 104, 105, 106, 107, 108, 110, 111, 112, 113, 115, 117, 118, 119, 120, 121, 125, 126, 127, 129, 131, 132, 133, 134, 135, 138, 140, 141, 142, 143, 144, 145, 146, 147, 148, 150, 152, 153, 154, 155, 156, 157, 159, 160, 161, 162, 163, 165, 167, 168, 169, 171, 172, 173, 174, 175, 176, 177, 178, 179, 180, 183, 187, 188, 189, 192, 193, 195, 196, 199])
12/07/2015 09:44:02 PM # iteration 40: 
12/07/2015 09:44:02 PM Best set found: 54 - ratio: 0.500
12/07/2015 09:44:02 PM Sets added to the solution so far: [0, 1, 2, 4, 7, 8, 3, 5, 6, 10, 12, 13, 9, 14, 15, 18, 24, 39, 20, 28, 31, 11, 16, 17, 22, 27, 29, 30, 47, 48, 41, 25, 26, 32, 36, 55, 67, 21, 40, 54]
12/07/2015 09:44:02 PM C: set([0, 1, 2, 3, 4, 5, 7, 9, 10, 11, 12, 13, 14, 15, 16, 17, 18, 19, 20, 22, 23, 24, 25, 26, 27, 30, 31, 33, 36, 37, 40, 41, 42, 46, 49, 50, 51, 53, 58, 60, 63, 64, 65, 68, 70, 71, 72, 74, 75, 76, 77, 79, 81, 82, 83, 84, 85, 87, 90, 91, 93, 94, 97, 98, 100, 101, 102, 104, 105, 106, 107, 108, 110, 111, 112, 113, 115, 117, 118, 119, 120, 121, 125, 126, 127, 129, 131, 132, 133, 134, 135, 138, 140, 141, 142, 143, 144, 145, 146, 147, 148, 149, 150, 152, 153, 154, 155, 156, 157, 158, 159, 160, 161, 162, 163, 165, 167, 168, 169, 171, 172, 173, 174, 175, 176, 177, 178, 179, 180, 183, 187, 188, 189, 192, 193, 195, 196, 199])
12/07/2015 09:44:02 PM # iteration 41: 
12/07/2015 09:44:02 PM Best set found: 57 - ratio: 0.500
12/07/2015 09:44:02 PM Sets added to the solution so far: [0, 1, 2, 4, 7, 8, 3, 5, 6, 10, 12, 13, 9, 14, 15, 18, 24, 39, 20, 28, 31, 11, 16, 17, 22, 27, 29, 30, 47, 48, 41, 25, 26, 32, 36, 55, 67, 21, 40, 54, 57]
12/07/2015 09:44:02 PM C: set([0, 1, 2, 3, 4, 5, 7, 9, 10, 11, 12, 13, 14, 15, 16, 17, 18, 19, 20, 22, 23, 24, 25, 26, 27, 30, 31, 33, 36, 37, 40, 41, 42, 46, 49, 50, 51, 53, 57, 58, 60, 63, 64, 65, 68, 70, 71, 72, 74, 75, 76, 77, 79, 81, 82, 83, 84, 85, 87, 90, 91, 93, 94, 97, 98, 100, 101, 102, 104, 105, 106, 107, 108, 110, 111, 112, 113, 115, 117, 118, 119, 120, 121, 123, 125, 126, 127, 129, 131, 132, 133, 134, 135, 138, 140, 141, 142, 143, 144, 145, 146, 147, 148, 149, 150, 152, 153, 154, 155, 156, 157, 158, 159, 160, 161, 162, 163, 165, 167, 168, 169, 171, 172, 173, 174, 175, 176, 177, 178, 179, 180, 183, 186, 187, 188, 189, 192, 193, 195, 196, 199])
12/07/2015 09:44:02 PM # iteration 42: 
12/07/2015 09:44:02 PM Best set found: 62 - ratio: 0.500
12/07/2015 09:44:02 PM Sets added to the solution so far: [0, 1, 2, 4, 7, 8, 3, 5, 6, 10, 12, 13, 9, 14, 15, 18, 24, 39, 20, 28, 31, 11, 16, 17, 22, 27, 29, 30, 47, 48, 41, 25, 26, 32, 36, 55, 67, 21, 40, 54, 57, 62]
12/07/2015 09:44:02 PM C: set([0, 1, 2, 3, 4, 5, 7, 9, 10, 11, 12, 13, 14, 15, 16, 17, 18, 19, 20, 22, 23, 24, 25, 26, 27, 30, 31, 33, 36, 37, 40, 41, 42, 46, 47, 49, 50, 51, 53, 57, 58, 60, 63, 64, 65, 68, 70, 71, 72, 74, 75, 76, 77, 79, 81, 82, 83, 84, 85, 87, 90, 91, 93, 94, 97, 98, 100, 101, 102, 103, 104, 105, 106, 107, 108, 110, 111, 112, 113, 115, 117, 118, 119, 120, 121, 123, 125, 126, 127, 129, 130, 131, 132, 133, 134, 135, 138, 140, 141, 142, 143, 144, 145, 146, 147, 148, 149, 150, 152, 153, 154, 155, 156, 157, 158, 159, 160, 161, 162, 163, 165, 167, 168, 169, 171, 172, 173, 174, 175, 176, 177, 178, 179, 180, 183, 186, 187, 188, 189, 192, 193, 195, 196, 199])
12/07/2015 09:44:02 PM # iteration 43: 
12/07/2015 09:44:02 PM Best set found: 106 - ratio: 0.364
12/07/2015 09:44:02 PM Sets added to the solution so far: [0, 1, 2, 4, 7, 8, 3, 5, 6, 10, 12, 13, 9, 14, 15, 18, 24, 39, 20, 28, 31, 11, 16, 17, 22, 27, 29, 30, 47, 48, 41, 25, 26, 32, 36, 55, 67, 21, 40, 54, 57, 62, 106]
12/07/2015 09:44:02 PM C: set([0, 1, 2, 3, 4, 5, 7, 9, 10, 11, 12, 13, 14, 15, 16, 17, 18, 19, 20, 22, 23, 24, 25, 26, 27, 30, 31, 33, 36, 37, 40, 41, 42, 46, 47, 49, 50, 51, 53, 57, 58, 60, 63, 64, 65, 68, 70, 71, 72, 74, 75, 76, 77, 79, 81, 82, 83, 84, 85, 87, 90, 91, 93, 94, 95, 97, 98, 100, 101, 102, 103, 104, 105, 106, 107, 108, 110, 111, 112, 113, 115, 116, 117, 118, 119, 120, 121, 123, 125, 126, 127, 129, 130, 131, 132, 133, 134, 135, 138, 140, 141, 142, 143, 144, 145, 146, 147, 148, 149, 150, 152, 153, 154, 155, 156, 157, 158, 159, 160, 161, 162, 163, 164, 165, 167, 168, 169, 171, 172, 173, 174, 175, 176, 177, 178, 179, 180, 183, 186, 187, 188, 189, 192, 193, 195, 196, 197, 199])
12/07/2015 09:44:02 PM # iteration 44: 
12/07/2015 09:44:02 PM Best set found: 34 - ratio: 0.333
12/07/2015 09:44:02 PM Sets added to the solution so far: [0, 1, 2, 4, 7, 8, 3, 5, 6, 10, 12, 13, 9, 14, 15, 18, 24, 39, 20, 28, 31, 11, 16, 17, 22, 27, 29, 30, 47, 48, 41, 25, 26, 32, 36, 55, 67, 21, 40, 54, 57, 62, 106, 34]
12/07/2015 09:44:02 PM C: set([0, 1, 2, 3, 4, 5, 7, 9, 10, 11, 12, 13, 14, 15, 16, 17, 18, 19, 20, 22, 23, 24, 25, 26, 27, 29, 30, 31, 33, 36, 37, 40, 41, 42, 46, 47, 49, 50, 51, 53, 57, 58, 60, 63, 64, 65, 68, 70, 71, 72, 74, 75, 76, 77, 79, 81, 82, 83, 84, 85, 87, 90, 91, 93, 94, 95, 97, 98, 100, 101, 102, 103, 104, 105, 106, 107, 108, 110, 111, 112, 113, 115, 116, 117, 118, 119, 120, 121, 123, 125, 126, 127, 129, 130, 131, 132, 133, 134, 135, 138, 140, 141, 142, 143, 144, 145, 146, 147, 148, 149, 150, 152, 153, 154, 155, 156, 157, 158, 159, 160, 161, 162, 163, 164, 165, 167, 168, 169, 171, 172, 173, 174, 175, 176, 177, 178, 179, 180, 183, 186, 187, 188, 189, 192, 193, 195, 196, 197, 199])
12/07/2015 09:44:02 PM # iteration 45: 
12/07/2015 09:44:02 PM Best set found: 59 - ratio: 0.333
12/07/2015 09:44:02 PM Sets added to the solution so far: [0, 1, 2, 4, 7, 8, 3, 5, 6, 10, 12, 13, 9, 14, 15, 18, 24, 39, 20, 28, 31, 11, 16, 17, 22, 27, 29, 30, 47, 48, 41, 25, 26, 32, 36, 55, 67, 21, 40, 54, 57, 62, 106, 34, 59]
12/07/2015 09:44:02 PM C: set([0, 1, 2, 3, 4, 5, 7, 8, 9, 10, 11, 12, 13, 14, 15, 16, 17, 18, 19, 20, 22, 23, 24, 25, 26, 27, 29, 30, 31, 33, 36, 37, 40, 41, 42, 46, 47, 49, 50, 51, 53, 57, 58, 60, 63, 64, 65, 68, 70, 71, 72, 74, 75, 76, 77, 79, 80, 81, 82, 83, 84, 85, 87, 90, 91, 93, 94, 95, 97, 98, 100, 101, 102, 103, 104, 105, 106, 107, 108, 110, 111, 112, 113, 115, 116, 117, 118, 119, 120, 121, 123, 125, 126, 127, 129, 130, 131, 132, 133, 134, 135, 138, 140, 141, 142, 143, 144, 145, 146, 147, 148, 149, 150, 152, 153, 154, 155, 156, 157, 158, 159, 160, 161, 162, 163, 164, 165, 167, 168, 169, 171, 172, 173, 174, 175, 176, 177, 178, 179, 180, 183, 186, 187, 188, 189, 192, 193, 195, 196, 197, 199])
12/07/2015 09:44:02 PM # iteration 46: 
12/07/2015 09:44:02 PM Best set found: 70 - ratio: 0.286
12/07/2015 09:44:02 PM Sets added to the solution so far: [0, 1, 2, 4, 7, 8, 3, 5, 6, 10, 12, 13, 9, 14, 15, 18, 24, 39, 20, 28, 31, 11, 16, 17, 22, 27, 29, 30, 47, 48, 41, 25, 26, 32, 36, 55, 67, 21, 40, 54, 57, 62, 106, 34, 59, 70]
12/07/2015 09:44:02 PM C: set([0, 1, 2, 3, 4, 5, 7, 8, 9, 10, 11, 12, 13, 14, 15, 16, 17, 18, 19, 20, 22, 23, 24, 25, 26, 27, 29, 30, 31, 33, 36, 37, 40, 41, 42, 44, 46, 47, 49, 50, 51, 53, 57, 58, 60, 63, 64, 65, 68, 70, 71, 72, 74, 75, 76, 77, 79, 80, 81, 82, 83, 84, 85, 87, 88, 90, 91, 93, 94, 95, 97, 98, 100, 101, 102, 103, 104, 105, 106, 107, 108, 110, 111, 112, 113, 115, 116, 117, 118, 119, 120, 121, 123, 125, 126, 127, 129, 130, 131, 132, 133, 134, 135, 138, 140, 141, 142, 143, 144, 145, 146, 147, 148, 149, 150, 152, 153, 154, 155, 156, 157, 158, 159, 160, 161, 162, 163, 164, 165, 167, 168, 169, 171, 172, 173, 174, 175, 176, 177, 178, 179, 180, 183, 186, 187, 188, 189, 192, 193, 195, 196, 197, 199])
12/07/2015 09:44:02 PM # iteration 47: 
12/07/2015 09:44:02 PM Best set found: 109 - ratio: 0.273
12/07/2015 09:44:02 PM Sets added to the solution so far: [0, 1, 2, 4, 7, 8, 3, 5, 6, 10, 12, 13, 9, 14, 15, 18, 24, 39, 20, 28, 31, 11, 16, 17, 22, 27, 29, 30, 47, 48, 41, 25, 26, 32, 36, 55, 67, 21, 40, 54, 57, 62, 106, 34, 59, 70, 109]
12/07/2015 09:44:02 PM C: set([0, 1, 2, 3, 4, 5, 7, 8, 9, 10, 11, 12, 13, 14, 15, 16, 17, 18, 19, 20, 22, 23, 24, 25, 26, 27, 29, 30, 31, 33, 36, 37, 40, 41, 42, 44, 46, 47, 49, 50, 51, 52, 53, 54, 57, 58, 60, 63, 64, 65, 68, 70, 71, 72, 74, 75, 76, 77, 79, 80, 81, 82, 83, 84, 85, 87, 88, 90, 91, 93, 94, 95, 97, 98, 99, 100, 101, 102, 103, 104, 105, 106, 107, 108, 110, 111, 112, 113, 115, 116, 117, 118, 119, 120, 121, 123, 125, 126, 127, 129, 130, 131, 132, 133, 134, 135, 138, 140, 141, 142, 143, 144, 145, 146, 147, 148, 149, 150, 152, 153, 154, 155, 156, 157, 158, 159, 160, 161, 162, 163, 164, 165, 167, 168, 169, 171, 172, 173, 174, 175, 176, 177, 178, 179, 180, 183, 186, 187, 188, 189, 192, 193, 195, 196, 197, 199])
12/07/2015 09:44:02 PM # iteration 48: 
12/07/2015 09:44:02 PM Best set found: 42 - ratio: 0.250
12/07/2015 09:44:02 PM Sets added to the solution so far: [0, 1, 2, 4, 7, 8, 3, 5, 6, 10, 12, 13, 9, 14, 15, 18, 24, 39, 20, 28, 31, 11, 16, 17, 22, 27, 29, 30, 47, 48, 41, 25, 26, 32, 36, 55, 67, 21, 40, 54, 57, 62, 106, 34, 59, 70, 109, 42]
12/07/2015 09:44:02 PM C: set([0, 1, 2, 3, 4, 5, 7, 8, 9, 10, 11, 12, 13, 14, 15, 16, 17, 18, 19, 20, 22, 23, 24, 25, 26, 27, 29, 30, 31, 33, 36, 37, 40, 41, 42, 44, 46, 47, 49, 50, 51, 52, 53, 54, 57, 58, 60, 63, 64, 65, 68, 70, 71, 72, 74, 75, 76, 77, 79, 80, 81, 82, 83, 84, 85, 87, 88, 90, 91, 93, 94, 95, 97, 98, 99, 100, 101, 102, 103, 104, 105, 106, 107, 108, 110, 111, 112, 113, 114, 115, 116, 117, 118, 119, 120, 121, 123, 125, 126, 127, 129, 130, 131, 132, 133, 134, 135, 138, 140, 141, 142, 143, 144, 145, 146, 147, 148, 149, 150, 152, 153, 154, 155, 156, 157, 158, 159, 160, 161, 162, 163, 164, 165, 167, 168, 169, 171, 172, 173, 174, 175, 176, 177, 178, 179, 180, 183, 186, 187, 188, 189, 192, 193, 195, 196, 197, 199])
12/07/2015 09:44:02 PM # iteration 49: 
12/07/2015 09:44:02 PM Best set found: 44 - ratio: 0.250
12/07/2015 09:44:02 PM Sets added to the solution so far: [0, 1, 2, 4, 7, 8, 3, 5, 6, 10, 12, 13, 9, 14, 15, 18, 24, 39, 20, 28, 31, 11, 16, 17, 22, 27, 29, 30, 47, 48, 41, 25, 26, 32, 36, 55, 67, 21, 40, 54, 57, 62, 106, 34, 59, 70, 109, 42, 44]
12/07/2015 09:44:02 PM C: set([0, 1, 2, 3, 4, 5, 7, 8, 9, 10, 11, 12, 13, 14, 15, 16, 17, 18, 19, 20, 22, 23, 24, 25, 26, 27, 28, 29, 30, 31, 33, 36, 37, 40, 41, 42, 44, 46, 47, 49, 50, 51, 52, 53, 54, 57, 58, 60, 63, 64, 65, 68, 70, 71, 72, 74, 75, 76, 77, 79, 80, 81, 82, 83, 84, 85, 87, 88, 90, 91, 93, 94, 95, 97, 98, 99, 100, 101, 102, 103, 104, 105, 106, 107, 108, 110, 111, 112, 113, 114, 115, 116, 117, 118, 119, 120, 121, 123, 125, 126, 127, 129, 130, 131, 132, 133, 134, 135, 138, 140, 141, 142, 143, 144, 145, 146, 147, 148, 149, 150, 152, 153, 154, 155, 156, 157, 158, 159, 160, 161, 162, 163, 164, 165, 167, 168, 169, 171, 172, 173, 174, 175, 176, 177, 178, 179, 180, 183, 186, 187, 188, 189, 192, 193, 195, 196, 197, 199])
12/07/2015 09:44:02 PM # iteration 50: 
12/07/2015 09:44:02 PM Best set found: 46 - ratio: 0.250
12/07/2015 09:44:02 PM Sets added to the solution so far: [0, 1, 2, 4, 7, 8, 3, 5, 6, 10, 12, 13, 9, 14, 15, 18, 24, 39, 20, 28, 31, 11, 16, 17, 22, 27, 29, 30, 47, 48, 41, 25, 26, 32, 36, 55, 67, 21, 40, 54, 57, 62, 106, 34, 59, 70, 109, 42, 44, 46]
12/07/2015 09:44:02 PM C: set([0, 1, 2, 3, 4, 5, 7, 8, 9, 10, 11, 12, 13, 14, 15, 16, 17, 18, 19, 20, 22, 23, 24, 25, 26, 27, 28, 29, 30, 31, 33, 36, 37, 40, 41, 42, 44, 46, 47, 49, 50, 51, 52, 53, 54, 57, 58, 60, 63, 64, 65, 68, 70, 71, 72, 74, 75, 76, 77, 79, 80, 81, 82, 83, 84, 85, 87, 88, 90, 91, 93, 94, 95, 97, 98, 99, 100, 101, 102, 103, 104, 105, 106, 107, 108, 110, 111, 112, 113, 114, 115, 116, 117, 118, 119, 120, 121, 123, 125, 126, 127, 129, 130, 131, 132, 133, 134, 135, 138, 140, 141, 142, 143, 144, 145, 146, 147, 148, 149, 150, 152, 153, 154, 155, 156, 157, 158, 159, 160, 161, 162, 163, 164, 165, 167, 168, 169, 171, 172, 173, 174, 175, 176, 177, 178, 179, 180, 183, 184, 186, 187, 188, 189, 192, 193, 195, 196, 197, 199])
12/07/2015 09:44:02 PM # iteration 51: 
12/07/2015 09:44:02 PM Best set found: 81 - ratio: 0.250
12/07/2015 09:44:02 PM Sets added to the solution so far: [0, 1, 2, 4, 7, 8, 3, 5, 6, 10, 12, 13, 9, 14, 15, 18, 24, 39, 20, 28, 31, 11, 16, 17, 22, 27, 29, 30, 47, 48, 41, 25, 26, 32, 36, 55, 67, 21, 40, 54, 57, 62, 106, 34, 59, 70, 109, 42, 44, 46, 81]
12/07/2015 09:44:02 PM C: set([0, 1, 2, 3, 4, 5, 7, 8, 9, 10, 11, 12, 13, 14, 15, 16, 17, 18, 19, 20, 22, 23, 24, 25, 26, 27, 28, 29, 30, 31, 33, 35, 36, 37, 40, 41, 42, 43, 44, 46, 47, 49, 50, 51, 52, 53, 54, 57, 58, 60, 63, 64, 65, 68, 70, 71, 72, 74, 75, 76, 77, 79, 80, 81, 82, 83, 84, 85, 87, 88, 90, 91, 93, 94, 95, 97, 98, 99, 100, 101, 102, 103, 104, 105, 106, 107, 108, 110, 111, 112, 113, 114, 115, 116, 117, 118, 119, 120, 121, 123, 125, 126, 127, 129, 130, 131, 132, 133, 134, 135, 138, 140, 141, 142, 143, 144, 145, 146, 147, 148, 149, 150, 152, 153, 154, 155, 156, 157, 158, 159, 160, 161, 162, 163, 164, 165, 167, 168, 169, 171, 172, 173, 174, 175, 176, 177, 178, 179, 180, 183, 184, 186, 187, 188, 189, 192, 193, 195, 196, 197, 199])
12/07/2015 09:44:02 PM # iteration 52: 
12/07/2015 09:44:02 PM Best set found: 82 - ratio: 0.250
12/07/2015 09:44:02 PM Sets added to the solution so far: [0, 1, 2, 4, 7, 8, 3, 5, 6, 10, 12, 13, 9, 14, 15, 18, 24, 39, 20, 28, 31, 11, 16, 17, 22, 27, 29, 30, 47, 48, 41, 25, 26, 32, 36, 55, 67, 21, 40, 54, 57, 62, 106, 34, 59, 70, 109, 42, 44, 46, 81, 82]
12/07/2015 09:44:02 PM C: set([0, 1, 2, 3, 4, 5, 7, 8, 9, 10, 11, 12, 13, 14, 15, 16, 17, 18, 19, 20, 21, 22, 23, 24, 25, 26, 27, 28, 29, 30, 31, 33, 35, 36, 37, 39, 40, 41, 42, 43, 44, 46, 47, 49, 50, 51, 52, 53, 54, 57, 58, 60, 63, 64, 65, 68, 70, 71, 72, 74, 75, 76, 77, 79, 80, 81, 82, 83, 84, 85, 87, 88, 90, 91, 93, 94, 95, 97, 98, 99, 100, 101, 102, 103, 104, 105, 106, 107, 108, 110, 111, 112, 113, 114, 115, 116, 117, 118, 119, 120, 121, 123, 125, 126, 127, 129, 130, 131, 132, 133, 134, 135, 138, 140, 141, 142, 143, 144, 145, 146, 147, 148, 149, 150, 152, 153, 154, 155, 156, 157, 158, 159, 160, 161, 162, 163, 164, 165, 167, 168, 169, 171, 172, 173, 174, 175, 176, 177, 178, 179, 180, 183, 184, 186, 187, 188, 189, 192, 193, 195, 196, 197, 199])
12/07/2015 09:44:02 PM # iteration 53: 
12/07/2015 09:44:02 PM Best set found: 85 - ratio: 0.250
12/07/2015 09:44:02 PM Sets added to the solution so far: [0, 1, 2, 4, 7, 8, 3, 5, 6, 10, 12, 13, 9, 14, 15, 18, 24, 39, 20, 28, 31, 11, 16, 17, 22, 27, 29, 30, 47, 48, 41, 25, 26, 32, 36, 55, 67, 21, 40, 54, 57, 62, 106, 34, 59, 70, 109, 42, 44, 46, 81, 82, 85]
12/07/2015 09:44:02 PM C: set([0, 1, 2, 3, 4, 5, 6, 7, 8, 9, 10, 11, 12, 13, 14, 15, 16, 17, 18, 19, 20, 21, 22, 23, 24, 25, 26, 27, 28, 29, 30, 31, 33, 35, 36, 37, 39, 40, 41, 42, 43, 44, 46, 47, 49, 50, 51, 52, 53, 54, 57, 58, 60, 63, 64, 65, 68, 70, 71, 72, 74, 75, 76, 77, 79, 80, 81, 82, 83, 84, 85, 87, 88, 90, 91, 93, 94, 95, 97, 98, 99, 100, 101, 102, 103, 104, 105, 106, 107, 108, 110, 111, 112, 113, 114, 115, 116, 117, 118, 119, 120, 121, 123, 125, 126, 127, 129, 130, 131, 132, 133, 134, 135, 138, 140, 141, 142, 143, 144, 145, 146, 147, 148, 149, 150, 152, 153, 154, 155, 156, 157, 158, 159, 160, 161, 162, 163, 164, 165, 167, 168, 169, 171, 172, 173, 174, 175, 176, 177, 178, 179, 180, 183, 184, 186, 187, 188, 189, 192, 193, 194, 195, 196, 197, 199])
12/07/2015 09:44:02 PM # iteration 54: 
12/07/2015 09:44:02 PM Best set found: 87 - ratio: 0.222
12/07/2015 09:44:02 PM Sets added to the solution so far: [0, 1, 2, 4, 7, 8, 3, 5, 6, 10, 12, 13, 9, 14, 15, 18, 24, 39, 20, 28, 31, 11, 16, 17, 22, 27, 29, 30, 47, 48, 41, 25, 26, 32, 36, 55, 67, 21, 40, 54, 57, 62, 106, 34, 59, 70, 109, 42, 44, 46, 81, 82, 85, 87]
12/07/2015 09:44:02 PM C: set([0, 1, 2, 3, 4, 5, 6, 7, 8, 9, 10, 11, 12, 13, 14, 15, 16, 17, 18, 19, 20, 21, 22, 23, 24, 25, 26, 27, 28, 29, 30, 31, 33, 35, 36, 37, 39, 40, 41, 42, 43, 44, 46, 47, 49, 50, 51, 52, 53, 54, 57, 58, 60, 62, 63, 64, 65, 68, 70, 71, 72, 74, 75, 76, 77, 79, 80, 81, 82, 83, 84, 85, 87, 88, 90, 91, 93, 94, 95, 97, 98, 99, 100, 101, 102, 103, 104, 105, 106, 107, 108, 110, 111, 112, 113, 114, 115, 116, 117, 118, 119, 120, 121, 123, 125, 126, 127, 129, 130, 131, 132, 133, 134, 135, 138, 140, 141, 142, 143, 144, 145, 146, 147, 148, 149, 150, 152, 153, 154, 155, 156, 157, 158, 159, 160, 161, 162, 163, 164, 165, 167, 168, 169, 171, 172, 173, 174, 175, 176, 177, 178, 179, 180, 181, 183, 184, 186, 187, 188, 189, 192, 193, 194, 195, 196, 197, 199])
12/07/2015 09:44:02 PM # iteration 55: 
12/07/2015 09:44:02 PM Best set found: 92 - ratio: 0.222
12/07/2015 09:44:02 PM Sets added to the solution so far: [0, 1, 2, 4, 7, 8, 3, 5, 6, 10, 12, 13, 9, 14, 15, 18, 24, 39, 20, 28, 31, 11, 16, 17, 22, 27, 29, 30, 47, 48, 41, 25, 26, 32, 36, 55, 67, 21, 40, 54, 57, 62, 106, 34, 59, 70, 109, 42, 44, 46, 81, 82, 85, 87, 92]
12/07/2015 09:44:02 PM C: set([0, 1, 2, 3, 4, 5, 6, 7, 8, 9, 10, 11, 12, 13, 14, 15, 16, 17, 18, 19, 20, 21, 22, 23, 24, 25, 26, 27, 28, 29, 30, 31, 33, 35, 36, 37, 39, 40, 41, 42, 43, 44, 46, 47, 48, 49, 50, 51, 52, 53, 54, 57, 58, 60, 62, 63, 64, 65, 68, 70, 71, 72, 74, 75, 76, 77, 79, 80, 81, 82, 83, 84, 85, 87, 88, 90, 91, 93, 94, 95, 97, 98, 99, 100, 101, 102, 103, 104, 105, 106, 107, 108, 110, 111, 112, 113, 114, 115, 116, 117, 118, 119, 120, 121, 123, 125, 126, 127, 129, 130, 131, 132, 133, 134, 135, 138, 140, 141, 142, 143, 144, 145, 146, 147, 148, 149, 150, 152, 153, 154, 155, 156, 157, 158, 159, 160, 161, 162, 163, 164, 165, 167, 168, 169, 171, 172, 173, 174, 175, 176, 177, 178, 179, 180, 181, 183, 184, 186, 187, 188, 189, 192, 193, 194, 195, 196, 197, 198, 199])
12/07/2015 09:44:02 PM # iteration 56: 
12/07/2015 09:44:02 PM Best set found: 49 - ratio: 0.200
12/07/2015 09:44:02 PM Sets added to the solution so far: [0, 1, 2, 4, 7, 8, 3, 5, 6, 10, 12, 13, 9, 14, 15, 18, 24, 39, 20, 28, 31, 11, 16, 17, 22, 27, 29, 30, 47, 48, 41, 25, 26, 32, 36, 55, 67, 21, 40, 54, 57, 62, 106, 34, 59, 70, 109, 42, 44, 46, 81, 82, 85, 87, 92, 49]
12/07/2015 09:44:02 PM C: set([0, 1, 2, 3, 4, 5, 6, 7, 8, 9, 10, 11, 12, 13, 14, 15, 16, 17, 18, 19, 20, 21, 22, 23, 24, 25, 26, 27, 28, 29, 30, 31, 33, 35, 36, 37, 39, 40, 41, 42, 43, 44, 46, 47, 48, 49, 50, 51, 52, 53, 54, 57, 58, 60, 62, 63, 64, 65, 68, 69, 70, 71, 72, 74, 75, 76, 77, 79, 80, 81, 82, 83, 84, 85, 87, 88, 90, 91, 93, 94, 95, 97, 98, 99, 100, 101, 102, 103, 104, 105, 106, 107, 108, 110, 111, 112, 113, 114, 115, 116, 117, 118, 119, 120, 121, 123, 125, 126, 127, 129, 130, 131, 132, 133, 134, 135, 138, 140, 141, 142, 143, 144, 145, 146, 147, 148, 149, 150, 152, 153, 154, 155, 156, 157, 158, 159, 160, 161, 162, 163, 164, 165, 167, 168, 169, 171, 172, 173, 174, 175, 176, 177, 178, 179, 180, 181, 183, 184, 186, 187, 188, 189, 192, 193, 194, 195, 196, 197, 198, 199])
12/07/2015 09:44:02 PM # iteration 57: 
12/07/2015 09:44:02 PM Best set found: 50 - ratio: 0.200
12/07/2015 09:44:02 PM Sets added to the solution so far: [0, 1, 2, 4, 7, 8, 3, 5, 6, 10, 12, 13, 9, 14, 15, 18, 24, 39, 20, 28, 31, 11, 16, 17, 22, 27, 29, 30, 47, 48, 41, 25, 26, 32, 36, 55, 67, 21, 40, 54, 57, 62, 106, 34, 59, 70, 109, 42, 44, 46, 81, 82, 85, 87, 92, 49, 50]
12/07/2015 09:44:02 PM C: set([0, 1, 2, 3, 4, 5, 6, 7, 8, 9, 10, 11, 12, 13, 14, 15, 16, 17, 18, 19, 20, 21, 22, 23, 24, 25, 26, 27, 28, 29, 30, 31, 33, 35, 36, 37, 39, 40, 41, 42, 43, 44, 46, 47, 48, 49, 50, 51, 52, 53, 54, 56, 57, 58, 60, 62, 63, 64, 65, 68, 69, 70, 71, 72, 74, 75, 76, 77, 79, 80, 81, 82, 83, 84, 85, 87, 88, 90, 91, 93, 94, 95, 97, 98, 99, 100, 101, 102, 103, 104, 105, 106, 107, 108, 110, 111, 112, 113, 114, 115, 116, 117, 118, 119, 120, 121, 123, 125, 126, 127, 129, 130, 131, 132, 133, 134, 135, 138, 140, 141, 142, 143, 144, 145, 146, 147, 148, 149, 150, 152, 153, 154, 155, 156, 157, 158, 159, 160, 161, 162, 163, 164, 165, 167, 168, 169, 171, 172, 173, 174, 175, 176, 177, 178, 179, 180, 181, 183, 184, 186, 187, 188, 189, 192, 193, 194, 195, 196, 197, 198, 199])
12/07/2015 09:44:02 PM # iteration 58: 
12/07/2015 09:44:02 PM Best set found: 56 - ratio: 0.167
12/07/2015 09:44:02 PM Sets added to the solution so far: [0, 1, 2, 4, 7, 8, 3, 5, 6, 10, 12, 13, 9, 14, 15, 18, 24, 39, 20, 28, 31, 11, 16, 17, 22, 27, 29, 30, 47, 48, 41, 25, 26, 32, 36, 55, 67, 21, 40, 54, 57, 62, 106, 34, 59, 70, 109, 42, 44, 46, 81, 82, 85, 87, 92, 49, 50, 56]
12/07/2015 09:44:02 PM C: set([0, 1, 2, 3, 4, 5, 6, 7, 8, 9, 10, 11, 12, 13, 14, 15, 16, 17, 18, 19, 20, 21, 22, 23, 24, 25, 26, 27, 28, 29, 30, 31, 33, 35, 36, 37, 39, 40, 41, 42, 43, 44, 46, 47, 48, 49, 50, 51, 52, 53, 54, 56, 57, 58, 60, 62, 63, 64, 65, 68, 69, 70, 71, 72, 74, 75, 76, 77, 79, 80, 81, 82, 83, 84, 85, 87, 88, 90, 91, 93, 94, 95, 97, 98, 99, 100, 101, 102, 103, 104, 105, 106, 107, 108, 110, 111, 112, 113, 114, 115, 116, 117, 118, 119, 120, 121, 123, 125, 126, 127, 129, 130, 131, 132, 133, 134, 135, 138, 140, 141, 142, 143, 144, 145, 146, 147, 148, 149, 150, 152, 153, 154, 155, 156, 157, 158, 159, 160, 161, 162, 163, 164, 165, 167, 168, 169, 171, 172, 173, 174, 175, 176, 177, 178, 179, 180, 181, 183, 184, 186, 187, 188, 189, 191, 192, 193, 194, 195, 196, 197, 198, 199])
12/07/2015 09:44:02 PM # iteration 59: 
12/07/2015 09:44:02 PM Best set found: 58 - ratio: 0.167
12/07/2015 09:44:02 PM Sets added to the solution so far: [0, 1, 2, 4, 7, 8, 3, 5, 6, 10, 12, 13, 9, 14, 15, 18, 24, 39, 20, 28, 31, 11, 16, 17, 22, 27, 29, 30, 47, 48, 41, 25, 26, 32, 36, 55, 67, 21, 40, 54, 57, 62, 106, 34, 59, 70, 109, 42, 44, 46, 81, 82, 85, 87, 92, 49, 50, 56, 58]
12/07/2015 09:44:02 PM C: set([0, 1, 2, 3, 4, 5, 6, 7, 8, 9, 10, 11, 12, 13, 14, 15, 16, 17, 18, 19, 20, 21, 22, 23, 24, 25, 26, 27, 28, 29, 30, 31, 33, 35, 36, 37, 39, 40, 41, 42, 43, 44, 46, 47, 48, 49, 50, 51, 52, 53, 54, 56, 57, 58, 60, 62, 63, 64, 65, 68, 69, 70, 71, 72, 74, 75, 76, 77, 79, 80, 81, 82, 83, 84, 85, 87, 88, 90, 91, 93, 94, 95, 96, 97, 98, 99, 100, 101, 102, 103, 104, 105, 106, 107, 108, 110, 111, 112, 113, 114, 115, 116, 117, 118, 119, 120, 121, 123, 125, 126, 127, 129, 130, 131, 132, 133, 134, 135, 138, 140, 141, 142, 143, 144, 145, 146, 147, 148, 149, 150, 152, 153, 154, 155, 156, 157, 158, 159, 160, 161, 162, 163, 164, 165, 167, 168, 169, 171, 172, 173, 174, 175, 176, 177, 178, 179, 180, 181, 183, 184, 186, 187, 188, 189, 191, 192, 193, 194, 195, 196, 197, 198, 199])
12/07/2015 09:44:02 PM # iteration 60: 
12/07/2015 09:44:02 PM Best set found: 60 - ratio: 0.167
12/07/2015 09:44:02 PM Sets added to the solution so far: [0, 1, 2, 4, 7, 8, 3, 5, 6, 10, 12, 13, 9, 14, 15, 18, 24, 39, 20, 28, 31, 11, 16, 17, 22, 27, 29, 30, 47, 48, 41, 25, 26, 32, 36, 55, 67, 21, 40, 54, 57, 62, 106, 34, 59, 70, 109, 42, 44, 46, 81, 82, 85, 87, 92, 49, 50, 56, 58, 60]
12/07/2015 09:44:02 PM C: set([0, 1, 2, 3, 4, 5, 6, 7, 8, 9, 10, 11, 12, 13, 14, 15, 16, 17, 18, 19, 20, 21, 22, 23, 24, 25, 26, 27, 28, 29, 30, 31, 33, 35, 36, 37, 38, 39, 40, 41, 42, 43, 44, 46, 47, 48, 49, 50, 51, 52, 53, 54, 56, 57, 58, 60, 62, 63, 64, 65, 68, 69, 70, 71, 72, 74, 75, 76, 77, 79, 80, 81, 82, 83, 84, 85, 87, 88, 90, 91, 93, 94, 95, 96, 97, 98, 99, 100, 101, 102, 103, 104, 105, 106, 107, 108, 110, 111, 112, 113, 114, 115, 116, 117, 118, 119, 120, 121, 123, 125, 126, 127, 129, 130, 131, 132, 133, 134, 135, 138, 140, 141, 142, 143, 144, 145, 146, 147, 148, 149, 150, 152, 153, 154, 155, 156, 157, 158, 159, 160, 161, 162, 163, 164, 165, 167, 168, 169, 171, 172, 173, 174, 175, 176, 177, 178, 179, 180, 181, 183, 184, 186, 187, 188, 189, 191, 192, 193, 194, 195, 196, 197, 198, 199])
12/07/2015 09:44:02 PM # iteration 61: 
12/07/2015 09:44:02 PM Best set found: 61 - ratio: 0.167
12/07/2015 09:44:02 PM Sets added to the solution so far: [0, 1, 2, 4, 7, 8, 3, 5, 6, 10, 12, 13, 9, 14, 15, 18, 24, 39, 20, 28, 31, 11, 16, 17, 22, 27, 29, 30, 47, 48, 41, 25, 26, 32, 36, 55, 67, 21, 40, 54, 57, 62, 106, 34, 59, 70, 109, 42, 44, 46, 81, 82, 85, 87, 92, 49, 50, 56, 58, 60, 61]
12/07/2015 09:44:02 PM C: set([0, 1, 2, 3, 4, 5, 6, 7, 8, 9, 10, 11, 12, 13, 14, 15, 16, 17, 18, 19, 20, 21, 22, 23, 24, 25, 26, 27, 28, 29, 30, 31, 33, 35, 36, 37, 38, 39, 40, 41, 42, 43, 44, 46, 47, 48, 49, 50, 51, 52, 53, 54, 56, 57, 58, 60, 62, 63, 64, 65, 68, 69, 70, 71, 72, 74, 75, 76, 77, 79, 80, 81, 82, 83, 84, 85, 87, 88, 90, 91, 93, 94, 95, 96, 97, 98, 99, 100, 101, 102, 103, 104, 105, 106, 107, 108, 110, 111, 112, 113, 114, 115, 116, 117, 118, 119, 120, 121, 123, 125, 126, 127, 129, 130, 131, 132, 133, 134, 135, 138, 140, 141, 142, 143, 144, 145, 146, 147, 148, 149, 150, 152, 153, 154, 155, 156, 157, 158, 159, 160, 161, 162, 163, 164, 165, 167, 168, 169, 171, 172, 173, 174, 175, 176, 177, 178, 179, 180, 181, 182, 183, 184, 186, 187, 188, 189, 191, 192, 193, 194, 195, 196, 197, 198, 199])
12/07/2015 09:44:02 PM # iteration 62: 
12/07/2015 09:44:02 PM Best set found: 76 - ratio: 0.143
12/07/2015 09:44:02 PM Sets added to the solution so far: [0, 1, 2, 4, 7, 8, 3, 5, 6, 10, 12, 13, 9, 14, 15, 18, 24, 39, 20, 28, 31, 11, 16, 17, 22, 27, 29, 30, 47, 48, 41, 25, 26, 32, 36, 55, 67, 21, 40, 54, 57, 62, 106, 34, 59, 70, 109, 42, 44, 46, 81, 82, 85, 87, 92, 49, 50, 56, 58, 60, 61, 76]
12/07/2015 09:44:02 PM C: set([0, 1, 2, 3, 4, 5, 6, 7, 8, 9, 10, 11, 12, 13, 14, 15, 16, 17, 18, 19, 20, 21, 22, 23, 24, 25, 26, 27, 28, 29, 30, 31, 33, 35, 36, 37, 38, 39, 40, 41, 42, 43, 44, 46, 47, 48, 49, 50, 51, 52, 53, 54, 56, 57, 58, 60, 62, 63, 64, 65, 68, 69, 70, 71, 72, 74, 75, 76, 77, 79, 80, 81, 82, 83, 84, 85, 87, 88, 90, 91, 93, 94, 95, 96, 97, 98, 99, 100, 101, 102, 103, 104, 105, 106, 107, 108, 110, 111, 112, 113, 114, 115, 116, 117, 118, 119, 120, 121, 122, 123, 125, 126, 127, 129, 130, 131, 132, 133, 134, 135, 138, 140, 141, 142, 143, 144, 145, 146, 147, 148, 149, 150, 152, 153, 154, 155, 156, 157, 158, 159, 160, 161, 162, 163, 164, 165, 167, 168, 169, 171, 172, 173, 174, 175, 176, 177, 178, 179, 180, 181, 182, 183, 184, 186, 187, 188, 189, 191, 192, 193, 194, 195, 196, 197, 198, 199])
12/07/2015 09:44:02 PM # iteration 63: 
12/07/2015 09:44:02 PM Best set found: 144 - ratio: 0.143
12/07/2015 09:44:02 PM Sets added to the solution so far: [0, 1, 2, 4, 7, 8, 3, 5, 6, 10, 12, 13, 9, 14, 15, 18, 24, 39, 20, 28, 31, 11, 16, 17, 22, 27, 29, 30, 47, 48, 41, 25, 26, 32, 36, 55, 67, 21, 40, 54, 57, 62, 106, 34, 59, 70, 109, 42, 44, 46, 81, 82, 85, 87, 92, 49, 50, 56, 58, 60, 61, 76, 144]
12/07/2015 09:44:02 PM C: set([0, 1, 2, 3, 4, 5, 6, 7, 8, 9, 10, 11, 12, 13, 14, 15, 16, 17, 18, 19, 20, 21, 22, 23, 24, 25, 26, 27, 28, 29, 30, 31, 33, 35, 36, 37, 38, 39, 40, 41, 42, 43, 44, 46, 47, 48, 49, 50, 51, 52, 53, 54, 56, 57, 58, 60, 62, 63, 64, 65, 68, 69, 70, 71, 72, 74, 75, 76, 77, 79, 80, 81, 82, 83, 84, 85, 87, 88, 90, 91, 93, 94, 95, 96, 97, 98, 99, 100, 101, 102, 103, 104, 105, 106, 107, 108, 109, 110, 111, 112, 113, 114, 115, 116, 117, 118, 119, 120, 121, 122, 123, 124, 125, 126, 127, 129, 130, 131, 132, 133, 134, 135, 138, 140, 141, 142, 143, 144, 145, 146, 147, 148, 149, 150, 152, 153, 154, 155, 156, 157, 158, 159, 160, 161, 162, 163, 164, 165, 167, 168, 169, 171, 172, 173, 174, 175, 176, 177, 178, 179, 180, 181, 182, 183, 184, 186, 187, 188, 189, 191, 192, 193, 194, 195, 196, 197, 198, 199])
12/07/2015 09:44:02 PM # iteration 64: 
12/07/2015 09:44:02 PM Best set found: 154 - ratio: 0.133
12/07/2015 09:44:02 PM Sets added to the solution so far: [0, 1, 2, 4, 7, 8, 3, 5, 6, 10, 12, 13, 9, 14, 15, 18, 24, 39, 20, 28, 31, 11, 16, 17, 22, 27, 29, 30, 47, 48, 41, 25, 26, 32, 36, 55, 67, 21, 40, 54, 57, 62, 106, 34, 59, 70, 109, 42, 44, 46, 81, 82, 85, 87, 92, 49, 50, 56, 58, 60, 61, 76, 144, 154]
12/07/2015 09:44:02 PM C: set([0, 1, 2, 3, 4, 5, 6, 7, 8, 9, 10, 11, 12, 13, 14, 15, 16, 17, 18, 19, 20, 21, 22, 23, 24, 25, 26, 27, 28, 29, 30, 31, 33, 35, 36, 37, 38, 39, 40, 41, 42, 43, 44, 46, 47, 48, 49, 50, 51, 52, 53, 54, 56, 57, 58, 60, 61, 62, 63, 64, 65, 66, 68, 69, 70, 71, 72, 74, 75, 76, 77, 79, 80, 81, 82, 83, 84, 85, 87, 88, 90, 91, 93, 94, 95, 96, 97, 98, 99, 100, 101, 102, 103, 104, 105, 106, 107, 108, 109, 110, 111, 112, 113, 114, 115, 116, 117, 118, 119, 120, 121, 122, 123, 124, 125, 126, 127, 129, 130, 131, 132, 133, 134, 135, 138, 140, 141, 142, 143, 144, 145, 146, 147, 148, 149, 150, 152, 153, 154, 155, 156, 157, 158, 159, 160, 161, 162, 163, 164, 165, 167, 168, 169, 171, 172, 173, 174, 175, 176, 177, 178, 179, 180, 181, 182, 183, 184, 186, 187, 188, 189, 191, 192, 193, 194, 195, 196, 197, 198, 199])
12/07/2015 09:44:02 PM # iteration 65: 
12/07/2015 09:44:02 PM Best set found: 84 - ratio: 0.125
12/07/2015 09:44:02 PM Sets added to the solution so far: [0, 1, 2, 4, 7, 8, 3, 5, 6, 10, 12, 13, 9, 14, 15, 18, 24, 39, 20, 28, 31, 11, 16, 17, 22, 27, 29, 30, 47, 48, 41, 25, 26, 32, 36, 55, 67, 21, 40, 54, 57, 62, 106, 34, 59, 70, 109, 42, 44, 46, 81, 82, 85, 87, 92, 49, 50, 56, 58, 60, 61, 76, 144, 154, 84]
12/07/2015 09:44:02 PM C: set([0, 1, 2, 3, 4, 5, 6, 7, 8, 9, 10, 11, 12, 13, 14, 15, 16, 17, 18, 19, 20, 21, 22, 23, 24, 25, 26, 27, 28, 29, 30, 31, 33, 34, 35, 36, 37, 38, 39, 40, 41, 42, 43, 44, 46, 47, 48, 49, 50, 51, 52, 53, 54, 56, 57, 58, 60, 61, 62, 63, 64, 65, 66, 68, 69, 70, 71, 72, 74, 75, 76, 77, 79, 80, 81, 82, 83, 84, 85, 87, 88, 90, 91, 93, 94, 95, 96, 97, 98, 99, 100, 101, 102, 103, 104, 105, 106, 107, 108, 109, 110, 111, 112, 113, 114, 115, 116, 117, 118, 119, 120, 121, 122, 123, 124, 125, 126, 127, 129, 130, 131, 132, 133, 134, 135, 138, 140, 141, 142, 143, 144, 145, 146, 147, 148, 149, 150, 152, 153, 154, 155, 156, 157, 158, 159, 160, 161, 162, 163, 164, 165, 167, 168, 169, 171, 172, 173, 174, 175, 176, 177, 178, 179, 180, 181, 182, 183, 184, 186, 187, 188, 189, 191, 192, 193, 194, 195, 196, 197, 198, 199])
12/07/2015 09:44:02 PM # iteration 66: 
12/07/2015 09:44:02 PM Best set found: 254 - ratio: 0.120
12/07/2015 09:44:02 PM Sets added to the solution so far: [0, 1, 2, 4, 7, 8, 3, 5, 6, 10, 12, 13, 9, 14, 15, 18, 24, 39, 20, 28, 31, 11, 16, 17, 22, 27, 29, 30, 47, 48, 41, 25, 26, 32, 36, 55, 67, 21, 40, 54, 57, 62, 106, 34, 59, 70, 109, 42, 44, 46, 81, 82, 85, 87, 92, 49, 50, 56, 58, 60, 61, 76, 144, 154, 84, 254]
12/07/2015 09:44:02 PM C: set([0, 1, 2, 3, 4, 5, 6, 7, 8, 9, 10, 11, 12, 13, 14, 15, 16, 17, 18, 19, 20, 21, 22, 23, 24, 25, 26, 27, 28, 29, 30, 31, 33, 34, 35, 36, 37, 38, 39, 40, 41, 42, 43, 44, 46, 47, 48, 49, 50, 51, 52, 53, 54, 56, 57, 58, 59, 60, 61, 62, 63, 64, 65, 66, 68, 69, 70, 71, 72, 74, 75, 76, 77, 78, 79, 80, 81, 82, 83, 84, 85, 87, 88, 90, 91, 93, 94, 95, 96, 97, 98, 99, 100, 101, 102, 103, 104, 105, 106, 107, 108, 109, 110, 111, 112, 113, 114, 115, 116, 117, 118, 119, 120, 121, 122, 123, 124, 125, 126, 127, 128, 129, 130, 131, 132, 133, 134, 135, 138, 140, 141, 142, 143, 144, 145, 146, 147, 148, 149, 150, 152, 153, 154, 155, 156, 157, 158, 159, 160, 161, 162, 163, 164, 165, 167, 168, 169, 171, 172, 173, 174, 175, 176, 177, 178, 179, 180, 181, 182, 183, 184, 186, 187, 188, 189, 191, 192, 193, 194, 195, 196, 197, 198, 199])
12/07/2015 09:44:02 PM # iteration 67: 
12/07/2015 09:44:02 PM Best set found: 210 - ratio: 0.095
12/07/2015 09:44:02 PM Sets added to the solution so far: [0, 1, 2, 4, 7, 8, 3, 5, 6, 10, 12, 13, 9, 14, 15, 18, 24, 39, 20, 28, 31, 11, 16, 17, 22, 27, 29, 30, 47, 48, 41, 25, 26, 32, 36, 55, 67, 21, 40, 54, 57, 62, 106, 34, 59, 70, 109, 42, 44, 46, 81, 82, 85, 87, 92, 49, 50, 56, 58, 60, 61, 76, 144, 154, 84, 254, 210]
12/07/2015 09:44:02 PM C: set([0, 1, 2, 3, 4, 5, 6, 7, 8, 9, 10, 11, 12, 13, 14, 15, 16, 17, 18, 19, 20, 21, 22, 23, 24, 25, 26, 27, 28, 29, 30, 31, 33, 34, 35, 36, 37, 38, 39, 40, 41, 42, 43, 44, 46, 47, 48, 49, 50, 51, 52, 53, 54, 56, 57, 58, 59, 60, 61, 62, 63, 64, 65, 66, 68, 69, 70, 71, 72, 74, 75, 76, 77, 78, 79, 80, 81, 82, 83, 84, 85, 87, 88, 90, 91, 93, 94, 95, 96, 97, 98, 99, 100, 101, 102, 103, 104, 105, 106, 107, 108, 109, 110, 111, 112, 113, 114, 115, 116, 117, 118, 119, 120, 121, 122, 123, 124, 125, 126, 127, 128, 129, 130, 131, 132, 133, 134, 135, 138, 140, 141, 142, 143, 144, 145, 146, 147, 148, 149, 150, 151, 152, 153, 154, 155, 156, 157, 158, 159, 160, 161, 162, 163, 164, 165, 167, 168, 169, 171, 172, 173, 174, 175, 176, 177, 178, 179, 180, 181, 182, 183, 184, 185, 186, 187, 188, 189, 191, 192, 193, 194, 195, 196, 197, 198, 199])
12/07/2015 09:44:02 PM # iteration 68: 
12/07/2015 09:44:02 PM Best set found: 113 - ratio: 0.091
12/07/2015 09:44:02 PM Sets added to the solution so far: [0, 1, 2, 4, 7, 8, 3, 5, 6, 10, 12, 13, 9, 14, 15, 18, 24, 39, 20, 28, 31, 11, 16, 17, 22, 27, 29, 30, 47, 48, 41, 25, 26, 32, 36, 55, 67, 21, 40, 54, 57, 62, 106, 34, 59, 70, 109, 42, 44, 46, 81, 82, 85, 87, 92, 49, 50, 56, 58, 60, 61, 76, 144, 154, 84, 254, 210, 113]
12/07/2015 09:44:02 PM C: set([0, 1, 2, 3, 4, 5, 6, 7, 8, 9, 10, 11, 12, 13, 14, 15, 16, 17, 18, 19, 20, 21, 22, 23, 24, 25, 26, 27, 28, 29, 30, 31, 32, 33, 34, 35, 36, 37, 38, 39, 40, 41, 42, 43, 44, 46, 47, 48, 49, 50, 51, 52, 53, 54, 56, 57, 58, 59, 60, 61, 62, 63, 64, 65, 66, 68, 69, 70, 71, 72, 74, 75, 76, 77, 78, 79, 80, 81, 82, 83, 84, 85, 87, 88, 90, 91, 93, 94, 95, 96, 97, 98, 99, 100, 101, 102, 103, 104, 105, 106, 107, 108, 109, 110, 111, 112, 113, 114, 115, 116, 117, 118, 119, 120, 121, 122, 123, 124, 125, 126, 127, 128, 129, 130, 131, 132, 133, 134, 135, 138, 140, 141, 142, 143, 144, 145, 146, 147, 148, 149, 150, 151, 152, 153, 154, 155, 156, 157, 158, 159, 160, 161, 162, 163, 164, 165, 167, 168, 169, 171, 172, 173, 174, 175, 176, 177, 178, 179, 180, 181, 182, 183, 184, 185, 186, 187, 188, 189, 191, 192, 193, 194, 195, 196, 197, 198, 199])
12/07/2015 09:44:02 PM # iteration 69: 
12/07/2015 09:44:02 PM Best set found: 234 - ratio: 0.087
12/07/2015 09:44:02 PM Sets added to the solution so far: [0, 1, 2, 4, 7, 8, 3, 5, 6, 10, 12, 13, 9, 14, 15, 18, 24, 39, 20, 28, 31, 11, 16, 17, 22, 27, 29, 30, 47, 48, 41, 25, 26, 32, 36, 55, 67, 21, 40, 54, 57, 62, 106, 34, 59, 70, 109, 42, 44, 46, 81, 82, 85, 87, 92, 49, 50, 56, 58, 60, 61, 76, 144, 154, 84, 254, 210, 113, 234]
12/07/2015 09:44:02 PM C: set([0, 1, 2, 3, 4, 5, 6, 7, 8, 9, 10, 11, 12, 13, 14, 15, 16, 17, 18, 19, 20, 21, 22, 23, 24, 25, 26, 27, 28, 29, 30, 31, 32, 33, 34, 35, 36, 37, 38, 39, 40, 41, 42, 43, 44, 46, 47, 48, 49, 50, 51, 52, 53, 54, 56, 57, 58, 59, 60, 61, 62, 63, 64, 65, 66, 68, 69, 70, 71, 72, 74, 75, 76, 77, 78, 79, 80, 81, 82, 83, 84, 85, 87, 88, 90, 91, 93, 94, 95, 96, 97, 98, 99, 100, 101, 102, 103, 104, 105, 106, 107, 108, 109, 110, 111, 112, 113, 114, 115, 116, 117, 118, 119, 120, 121, 122, 123, 124, 125, 126, 127, 128, 129, 130, 131, 132, 133, 134, 135, 136, 138, 140, 141, 142, 143, 144, 145, 146, 147, 148, 149, 150, 151, 152, 153, 154, 155, 156, 157, 158, 159, 160, 161, 162, 163, 164, 165, 167, 168, 169, 170, 171, 172, 173, 174, 175, 176, 177, 178, 179, 180, 181, 182, 183, 184, 185, 186, 187, 188, 189, 191, 192, 193, 194, 195, 196, 197, 198, 199])
12/07/2015 09:44:03 PM # iteration 70: 
12/07/2015 09:44:03 PM Best set found: 118 - ratio: 0.083
12/07/2015 09:44:03 PM Sets added to the solution so far: [0, 1, 2, 4, 7, 8, 3, 5, 6, 10, 12, 13, 9, 14, 15, 18, 24, 39, 20, 28, 31, 11, 16, 17, 22, 27, 29, 30, 47, 48, 41, 25, 26, 32, 36, 55, 67, 21, 40, 54, 57, 62, 106, 34, 59, 70, 109, 42, 44, 46, 81, 82, 85, 87, 92, 49, 50, 56, 58, 60, 61, 76, 144, 154, 84, 254, 210, 113, 234, 118]
12/07/2015 09:44:03 PM C: set([0, 1, 2, 3, 4, 5, 6, 7, 8, 9, 10, 11, 12, 13, 14, 15, 16, 17, 18, 19, 20, 21, 22, 23, 24, 25, 26, 27, 28, 29, 30, 31, 32, 33, 34, 35, 36, 37, 38, 39, 40, 41, 42, 43, 44, 45, 46, 47, 48, 49, 50, 51, 52, 53, 54, 56, 57, 58, 59, 60, 61, 62, 63, 64, 65, 66, 68, 69, 70, 71, 72, 74, 75, 76, 77, 78, 79, 80, 81, 82, 83, 84, 85, 87, 88, 90, 91, 93, 94, 95, 96, 97, 98, 99, 100, 101, 102, 103, 104, 105, 106, 107, 108, 109, 110, 111, 112, 113, 114, 115, 116, 117, 118, 119, 120, 121, 122, 123, 124, 125, 126, 127, 128, 129, 130, 131, 132, 133, 134, 135, 136, 138, 140, 141, 142, 143, 144, 145, 146, 147, 148, 149, 150, 151, 152, 153, 154, 155, 156, 157, 158, 159, 160, 161, 162, 163, 164, 165, 167, 168, 169, 170, 171, 172, 173, 174, 175, 176, 177, 178, 179, 180, 181, 182, 183, 184, 185, 186, 187, 188, 189, 191, 192, 193, 194, 195, 196, 197, 198, 199])
12/07/2015 09:44:03 PM # iteration 71: 
12/07/2015 09:44:03 PM Best set found: 122 - ratio: 0.083
12/07/2015 09:44:03 PM Sets added to the solution so far: [0, 1, 2, 4, 7, 8, 3, 5, 6, 10, 12, 13, 9, 14, 15, 18, 24, 39, 20, 28, 31, 11, 16, 17, 22, 27, 29, 30, 47, 48, 41, 25, 26, 32, 36, 55, 67, 21, 40, 54, 57, 62, 106, 34, 59, 70, 109, 42, 44, 46, 81, 82, 85, 87, 92, 49, 50, 56, 58, 60, 61, 76, 144, 154, 84, 254, 210, 113, 234, 118, 122]
12/07/2015 09:44:03 PM C: set([0, 1, 2, 3, 4, 5, 6, 7, 8, 9, 10, 11, 12, 13, 14, 15, 16, 17, 18, 19, 20, 21, 22, 23, 24, 25, 26, 27, 28, 29, 30, 31, 32, 33, 34, 35, 36, 37, 38, 39, 40, 41, 42, 43, 44, 45, 46, 47, 48, 49, 50, 51, 52, 53, 54, 56, 57, 58, 59, 60, 61, 62, 63, 64, 65, 66, 68, 69, 70, 71, 72, 74, 75, 76, 77, 78, 79, 80, 81, 82, 83, 84, 85, 87, 88, 89, 90, 91, 93, 94, 95, 96, 97, 98, 99, 100, 101, 102, 103, 104, 105, 106, 107, 108, 109, 110, 111, 112, 113, 114, 115, 116, 117, 118, 119, 120, 121, 122, 123, 124, 125, 126, 127, 128, 129, 130, 131, 132, 133, 134, 135, 136, 138, 140, 141, 142, 143, 144, 145, 146, 147, 148, 149, 150, 151, 152, 153, 154, 155, 156, 157, 158, 159, 160, 161, 162, 163, 164, 165, 167, 168, 169, 170, 171, 172, 173, 174, 175, 176, 177, 178, 179, 180, 181, 182, 183, 184, 185, 186, 187, 188, 189, 191, 192, 193, 194, 195, 196, 197, 198, 199])
12/07/2015 09:44:03 PM # iteration 72: 
12/07/2015 09:44:03 PM Best set found: 141 - ratio: 0.071
12/07/2015 09:44:03 PM Sets added to the solution so far: [0, 1, 2, 4, 7, 8, 3, 5, 6, 10, 12, 13, 9, 14, 15, 18, 24, 39, 20, 28, 31, 11, 16, 17, 22, 27, 29, 30, 47, 48, 41, 25, 26, 32, 36, 55, 67, 21, 40, 54, 57, 62, 106, 34, 59, 70, 109, 42, 44, 46, 81, 82, 85, 87, 92, 49, 50, 56, 58, 60, 61, 76, 144, 154, 84, 254, 210, 113, 234, 118, 122, 141]
12/07/2015 09:44:03 PM C: set([0, 1, 2, 3, 4, 5, 6, 7, 8, 9, 10, 11, 12, 13, 14, 15, 16, 17, 18, 19, 20, 21, 22, 23, 24, 25, 26, 27, 28, 29, 30, 31, 32, 33, 34, 35, 36, 37, 38, 39, 40, 41, 42, 43, 44, 45, 46, 47, 48, 49, 50, 51, 52, 53, 54, 56, 57, 58, 59, 60, 61, 62, 63, 64, 65, 66, 67, 68, 69, 70, 71, 72, 74, 75, 76, 77, 78, 79, 80, 81, 82, 83, 84, 85, 87, 88, 89, 90, 91, 93, 94, 95, 96, 97, 98, 99, 100, 101, 102, 103, 104, 105, 106, 107, 108, 109, 110, 111, 112, 113, 114, 115, 116, 117, 118, 119, 120, 121, 122, 123, 124, 125, 126, 127, 128, 129, 130, 131, 132, 133, 134, 135, 136, 138, 140, 141, 142, 143, 144, 145, 146, 147, 148, 149, 150, 151, 152, 153, 154, 155, 156, 157, 158, 159, 160, 161, 162, 163, 164, 165, 167, 168, 169, 170, 171, 172, 173, 174, 175, 176, 177, 178, 179, 180, 181, 182, 183, 184, 185, 186, 187, 188, 189, 191, 192, 193, 194, 195, 196, 197, 198, 199])
12/07/2015 09:44:03 PM # iteration 73: 
12/07/2015 09:44:03 PM Best set found: 152 - ratio: 0.067
12/07/2015 09:44:03 PM Sets added to the solution so far: [0, 1, 2, 4, 7, 8, 3, 5, 6, 10, 12, 13, 9, 14, 15, 18, 24, 39, 20, 28, 31, 11, 16, 17, 22, 27, 29, 30, 47, 48, 41, 25, 26, 32, 36, 55, 67, 21, 40, 54, 57, 62, 106, 34, 59, 70, 109, 42, 44, 46, 81, 82, 85, 87, 92, 49, 50, 56, 58, 60, 61, 76, 144, 154, 84, 254, 210, 113, 234, 118, 122, 141, 152]
12/07/2015 09:44:03 PM C: set([0, 1, 2, 3, 4, 5, 6, 7, 8, 9, 10, 11, 12, 13, 14, 15, 16, 17, 18, 19, 20, 21, 22, 23, 24, 25, 26, 27, 28, 29, 30, 31, 32, 33, 34, 35, 36, 37, 38, 39, 40, 41, 42, 43, 44, 45, 46, 47, 48, 49, 50, 51, 52, 53, 54, 56, 57, 58, 59, 60, 61, 62, 63, 64, 65, 66, 67, 68, 69, 70, 71, 72, 74, 75, 76, 77, 78, 79, 80, 81, 82, 83, 84, 85, 87, 88, 89, 90, 91, 93, 94, 95, 96, 97, 98, 99, 100, 101, 102, 103, 104, 105, 106, 107, 108, 109, 110, 111, 112, 113, 114, 115, 116, 117, 118, 119, 120, 121, 122, 123, 124, 125, 126, 127, 128, 129, 130, 131, 132, 133, 134, 135, 136, 138, 140, 141, 142, 143, 144, 145, 146, 147, 148, 149, 150, 151, 152, 153, 154, 155, 156, 157, 158, 159, 160, 161, 162, 163, 164, 165, 167, 168, 169, 170, 171, 172, 173, 174, 175, 176, 177, 178, 179, 180, 181, 182, 183, 184, 185, 186, 187, 188, 189, 190, 191, 192, 193, 194, 195, 196, 197, 198, 199])
12/07/2015 09:44:03 PM # iteration 74: 
12/07/2015 09:44:03 PM Best set found: 299 - ratio: 0.067
12/07/2015 09:44:03 PM Sets added to the solution so far: [0, 1, 2, 4, 7, 8, 3, 5, 6, 10, 12, 13, 9, 14, 15, 18, 24, 39, 20, 28, 31, 11, 16, 17, 22, 27, 29, 30, 47, 48, 41, 25, 26, 32, 36, 55, 67, 21, 40, 54, 57, 62, 106, 34, 59, 70, 109, 42, 44, 46, 81, 82, 85, 87, 92, 49, 50, 56, 58, 60, 61, 76, 144, 154, 84, 254, 210, 113, 234, 118, 122, 141, 152, 299]
12/07/2015 09:44:03 PM C: set([0, 1, 2, 3, 4, 5, 6, 7, 8, 9, 10, 11, 12, 13, 14, 15, 16, 17, 18, 19, 20, 21, 22, 23, 24, 25, 26, 27, 28, 29, 30, 31, 32, 33, 34, 35, 36, 37, 38, 39, 40, 41, 42, 43, 44, 45, 46, 47, 48, 49, 50, 51, 52, 53, 54, 55, 56, 57, 58, 59, 60, 61, 62, 63, 64, 65, 66, 67, 68, 69, 70, 71, 72, 74, 75, 76, 77, 78, 79, 80, 81, 82, 83, 84, 85, 87, 88, 89, 90, 91, 93, 94, 95, 96, 97, 98, 99, 100, 101, 102, 103, 104, 105, 106, 107, 108, 109, 110, 111, 112, 113, 114, 115, 116, 117, 118, 119, 120, 121, 122, 123, 124, 125, 126, 127, 128, 129, 130, 131, 132, 133, 134, 135, 136, 137, 138, 140, 141, 142, 143, 144, 145, 146, 147, 148, 149, 150, 151, 152, 153, 154, 155, 156, 157, 158, 159, 160, 161, 162, 163, 164, 165, 167, 168, 169, 170, 171, 172, 173, 174, 175, 176, 177, 178, 179, 180, 181, 182, 183, 184, 185, 186, 187, 188, 189, 190, 191, 192, 193, 194, 195, 196, 197, 198, 199])
12/07/2015 09:44:03 PM # iteration 75: 
12/07/2015 09:44:03 PM Best set found: 168 - ratio: 0.059
12/07/2015 09:44:03 PM Sets added to the solution so far: [0, 1, 2, 4, 7, 8, 3, 5, 6, 10, 12, 13, 9, 14, 15, 18, 24, 39, 20, 28, 31, 11, 16, 17, 22, 27, 29, 30, 47, 48, 41, 25, 26, 32, 36, 55, 67, 21, 40, 54, 57, 62, 106, 34, 59, 70, 109, 42, 44, 46, 81, 82, 85, 87, 92, 49, 50, 56, 58, 60, 61, 76, 144, 154, 84, 254, 210, 113, 234, 118, 122, 141, 152, 299, 168]
12/07/2015 09:44:03 PM C: set([0, 1, 2, 3, 4, 5, 6, 7, 8, 9, 10, 11, 12, 13, 14, 15, 16, 17, 18, 19, 20, 21, 22, 23, 24, 25, 26, 27, 28, 29, 30, 31, 32, 33, 34, 35, 36, 37, 38, 39, 40, 41, 42, 43, 44, 45, 46, 47, 48, 49, 50, 51, 52, 53, 54, 55, 56, 57, 58, 59, 60, 61, 62, 63, 64, 65, 66, 67, 68, 69, 70, 71, 72, 74, 75, 76, 77, 78, 79, 80, 81, 82, 83, 84, 85, 87, 88, 89, 90, 91, 93, 94, 95, 96, 97, 98, 99, 100, 101, 102, 103, 104, 105, 106, 107, 108, 109, 110, 111, 112, 113, 114, 115, 116, 117, 118, 119, 120, 121, 122, 123, 124, 125, 126, 127, 128, 129, 130, 131, 132, 133, 134, 135, 136, 137, 138, 139, 140, 141, 142, 143, 144, 145, 146, 147, 148, 149, 150, 151, 152, 153, 154, 155, 156, 157, 158, 159, 160, 161, 162, 163, 164, 165, 167, 168, 169, 170, 171, 172, 173, 174, 175, 176, 177, 178, 179, 180, 181, 182, 183, 184, 185, 186, 187, 188, 189, 190, 191, 192, 193, 194, 195, 196, 197, 198, 199])
12/07/2015 09:44:03 PM # iteration 76: 
12/07/2015 09:44:03 PM Best set found: 190 - ratio: 0.056
12/07/2015 09:44:03 PM Sets added to the solution so far: [0, 1, 2, 4, 7, 8, 3, 5, 6, 10, 12, 13, 9, 14, 15, 18, 24, 39, 20, 28, 31, 11, 16, 17, 22, 27, 29, 30, 47, 48, 41, 25, 26, 32, 36, 55, 67, 21, 40, 54, 57, 62, 106, 34, 59, 70, 109, 42, 44, 46, 81, 82, 85, 87, 92, 49, 50, 56, 58, 60, 61, 76, 144, 154, 84, 254, 210, 113, 234, 118, 122, 141, 152, 299, 168, 190]
12/07/2015 09:44:03 PM C: set([0, 1, 2, 3, 4, 5, 6, 7, 8, 9, 10, 11, 12, 13, 14, 15, 16, 17, 18, 19, 20, 21, 22, 23, 24, 25, 26, 27, 28, 29, 30, 31, 32, 33, 34, 35, 36, 37, 38, 39, 40, 41, 42, 43, 44, 45, 46, 47, 48, 49, 50, 51, 52, 53, 54, 55, 56, 57, 58, 59, 60, 61, 62, 63, 64, 65, 66, 67, 68, 69, 70, 71, 72, 74, 75, 76, 77, 78, 79, 80, 81, 82, 83, 84, 85, 86, 87, 88, 89, 90, 91, 93, 94, 95, 96, 97, 98, 99, 100, 101, 102, 103, 104, 105, 106, 107, 108, 109, 110, 111, 112, 113, 114, 115, 116, 117, 118, 119, 120, 121, 122, 123, 124, 125, 126, 127, 128, 129, 130, 131, 132, 133, 134, 135, 136, 137, 138, 139, 140, 141, 142, 143, 144, 145, 146, 147, 148, 149, 150, 151, 152, 153, 154, 155, 156, 157, 158, 159, 160, 161, 162, 163, 164, 165, 167, 168, 169, 170, 171, 172, 173, 174, 175, 176, 177, 178, 179, 180, 181, 182, 183, 184, 185, 186, 187, 188, 189, 190, 191, 192, 193, 194, 195, 196, 197, 198, 199])
12/07/2015 09:44:03 PM # iteration 77: 
12/07/2015 09:44:03 PM Best set found: 479 - ratio: 0.042
12/07/2015 09:44:03 PM Sets added to the solution so far: [0, 1, 2, 4, 7, 8, 3, 5, 6, 10, 12, 13, 9, 14, 15, 18, 24, 39, 20, 28, 31, 11, 16, 17, 22, 27, 29, 30, 47, 48, 41, 25, 26, 32, 36, 55, 67, 21, 40, 54, 57, 62, 106, 34, 59, 70, 109, 42, 44, 46, 81, 82, 85, 87, 92, 49, 50, 56, 58, 60, 61, 76, 144, 154, 84, 254, 210, 113, 234, 118, 122, 141, 152, 299, 168, 190, 479]
12/07/2015 09:44:03 PM C: set([0, 1, 2, 3, 4, 5, 6, 7, 8, 9, 10, 11, 12, 13, 14, 15, 16, 17, 18, 19, 20, 21, 22, 23, 24, 25, 26, 27, 28, 29, 30, 31, 32, 33, 34, 35, 36, 37, 38, 39, 40, 41, 42, 43, 44, 45, 46, 47, 48, 49, 50, 51, 52, 53, 54, 55, 56, 57, 58, 59, 60, 61, 62, 63, 64, 65, 66, 67, 68, 69, 70, 71, 72, 74, 75, 76, 77, 78, 79, 80, 81, 82, 83, 84, 85, 86, 87, 88, 89, 90, 91, 92, 93, 94, 95, 96, 97, 98, 99, 100, 101, 102, 103, 104, 105, 106, 107, 108, 109, 110, 111, 112, 113, 114, 115, 116, 117, 118, 119, 120, 121, 122, 123, 124, 125, 126, 127, 128, 129, 130, 131, 132, 133, 134, 135, 136, 137, 138, 139, 140, 141, 142, 143, 144, 145, 146, 147, 148, 149, 150, 151, 152, 153, 154, 155, 156, 157, 158, 159, 160, 161, 162, 163, 164, 165, 166, 167, 168, 169, 170, 171, 172, 173, 174, 175, 176, 177, 178, 179, 180, 181, 182, 183, 184, 185, 186, 187, 188, 189, 190, 191, 192, 193, 194, 195, 196, 197, 198, 199])
12/07/2015 09:44:03 PM # iteration 78: 
12/07/2015 09:44:03 PM Best set found: 256 - ratio: 0.040
12/07/2015 09:44:03 PM Sets added to the solution so far: [0, 1, 2, 4, 7, 8, 3, 5, 6, 10, 12, 13, 9, 14, 15, 18, 24, 39, 20, 28, 31, 11, 16, 17, 22, 27, 29, 30, 47, 48, 41, 25, 26, 32, 36, 55, 67, 21, 40, 54, 57, 62, 106, 34, 59, 70, 109, 42, 44, 46, 81, 82, 85, 87, 92, 49, 50, 56, 58, 60, 61, 76, 144, 154, 84, 254, 210, 113, 234, 118, 122, 141, 152, 299, 168, 190, 479, 256]
12/07/2015 09:44:03 PM C: set([0, 1, 2, 3, 4, 5, 6, 7, 8, 9, 10, 11, 12, 13, 14, 15, 16, 17, 18, 19, 20, 21, 22, 23, 24, 25, 26, 27, 28, 29, 30, 31, 32, 33, 34, 35, 36, 37, 38, 39, 40, 41, 42, 43, 44, 45, 46, 47, 48, 49, 50, 51, 52, 53, 54, 55, 56, 57, 58, 59, 60, 61, 62, 63, 64, 65, 66, 67, 68, 69, 70, 71, 72, 73, 74, 75, 76, 77, 78, 79, 80, 81, 82, 83, 84, 85, 86, 87, 88, 89, 90, 91, 92, 93, 94, 95, 96, 97, 98, 99, 100, 101, 102, 103, 104, 105, 106, 107, 108, 109, 110, 111, 112, 113, 114, 115, 116, 117, 118, 119, 120, 121, 122, 123, 124, 125, 126, 127, 128, 129, 130, 131, 132, 133, 134, 135, 136, 137, 138, 139, 140, 141, 142, 143, 144, 145, 146, 147, 148, 149, 150, 151, 152, 153, 154, 155, 156, 157, 158, 159, 160, 161, 162, 163, 164, 165, 166, 167, 168, 169, 170, 171, 172, 173, 174, 175, 176, 177, 178, 179, 180, 181, 182, 183, 184, 185, 186, 187, 188, 189, 190, 191, 192, 193, 194, 195, 196, 197, 198, 199])
12/07/2015 09:44:03 PM DONE!
