12/05/2015 09:51:57 AM A shape: (200, 1000)
12/05/2015 09:51:57 AM N iterations: 120
12/05/2015 09:51:57 AM alpha: 0.003
12/05/2015 09:51:57 AM RCL length: 4
12/05/2015 09:51:57 AM solver will stop after 120 seconds
12/05/2015 09:51:57 AM iteration 0:
12/05/2015 09:51:57 AM greedy construction generated solution with cost: 644.0
12/05/2015 09:51:57 AM best solution found updated has cost of 644.0
12/05/2015 09:51:57 AM the old solution had cost of 49830.0
12/05/2015 09:51:57 AM VND called
12/05/2015 09:51:57 AM best solution found updated has cost of 635.0
12/05/2015 09:51:57 AM the old solution had cost of 644.0
12/05/2015 09:51:57 AM VND found a better solution with cost: 635.0
12/05/2015 09:51:57 AM best solution found updated has cost of 629.0
12/05/2015 09:51:57 AM the old solution had cost of 635.0
12/05/2015 09:51:57 AM VND found a better solution with cost: 629.0
12/05/2015 09:51:57 AM best solution found updated has cost of 624.0
12/05/2015 09:51:57 AM the old solution had cost of 629.0
12/05/2015 09:51:57 AM VND found a better solution with cost: 624.0
12/05/2015 09:51:57 AM best solution found updated has cost of 623.0
12/05/2015 09:51:57 AM the old solution had cost of 624.0
12/05/2015 09:51:57 AM VND found a better solution with cost: 623.0
12/05/2015 09:51:58 AM best solution found updated has cost of 620.0
12/05/2015 09:51:58 AM the old solution had cost of 623.0
12/05/2015 09:51:58 AM VND found a better solution with cost: 620.0
12/05/2015 09:51:58 AM best solution found updated has cost of 618.0
12/05/2015 09:51:58 AM the old solution had cost of 620.0
12/05/2015 09:51:58 AM VND found a better solution with cost: 618.0
12/05/2015 09:52:10 AM best solution found updated has cost of 608.0
12/05/2015 09:52:10 AM the old solution had cost of 618.0
12/05/2015 09:52:10 AM VND found a better solution with cost: 608.0
12/05/2015 09:52:15 AM best solution found updated has cost of 604.0
12/05/2015 09:52:15 AM the old solution had cost of 608.0
12/05/2015 09:52:15 AM VND found a better solution with cost: 604.0
12/05/2015 09:52:29 AM best solution found updated has cost of 601.0
12/05/2015 09:52:29 AM the old solution had cost of 604.0
12/05/2015 09:52:29 AM VND found a better solution with cost: 601.0
12/05/2015 09:52:49 AM best solution found updated has cost of 597.0
12/05/2015 09:52:49 AM the old solution had cost of 601.0
12/05/2015 09:52:49 AM VND found a better solution with cost: 597.0
12/05/2015 09:52:49 AM best solution found updated has cost of 593.0
12/05/2015 09:52:49 AM the old solution had cost of 597.0
12/05/2015 09:52:49 AM VND found a better solution with cost: 593.0
12/05/2015 09:52:49 AM best solution found updated has cost of 592.0
12/05/2015 09:52:49 AM the old solution had cost of 593.0
12/05/2015 09:52:49 AM VND found a better solution with cost: 592.0
12/05/2015 09:52:49 AM solution already explored
12/05/2015 09:52:52 AM best solution found updated has cost of 591.0
12/05/2015 09:52:52 AM the old solution had cost of 592.0
12/05/2015 09:52:52 AM VND found a better solution with cost: 591.0
12/05/2015 09:52:52 AM best solution found updated has cost of 589.0
12/05/2015 09:52:52 AM the old solution had cost of 591.0
12/05/2015 09:52:52 AM VND found a better solution with cost: 589.0
12/05/2015 09:52:53 AM best solution found updated has cost of 588.0
12/05/2015 09:52:53 AM the old solution had cost of 589.0
12/05/2015 09:52:53 AM VND found a better solution with cost: 588.0
12/05/2015 09:52:53 AM solution already explored
12/05/2015 09:52:55 AM solution already explored
12/05/2015 09:53:30 AM best solution found updated has cost of 579.0
12/05/2015 09:53:30 AM the old solution had cost of 588.0
12/05/2015 09:53:30 AM VND found a better solution with cost: 579.0
12/05/2015 09:53:57 AM solver completed
12/05/2015 09:53:57 AM best solution found has cost: 579.0
